#
# A fatal error has been detected by the Java Runtime Environment:
#
#  EXCEPTION_ACCESS_VIOLATION (0xc0000005) at pc=0x00000241d18fa691, pid=9720, tid=8252
#
# JRE version: Java(TM) SE Runtime Environment (18.0+36) (build 18+36-2087)
# Java VM: Java HotSpot(TM) 64-Bit Server VM (18+36-2087, mixed mode, sharing, tiered, compressed oops, compressed class ptrs, g1 gc, windows-amd64)
# Problematic frame:
# J 7331 c1 java.util.regex.Pattern$StartS.match(Ljava/util/regex/Matcher;ILjava/lang/CharSequence;)Z java.base@18 (138 bytes) @ 0x00000241d18fa691 [0x00000241d18fa4c0+0x00000000000001d1]
#
# No core dump will be written. Minidumps are not enabled by default on client versions of Windows
#
# If you would like to submit a bug report, please visit:
#   https://bugreport.java.com/bugreport/crash.jsp
#

---------------  S U M M A R Y ------------

Command Line: -javaagent:C:\Users\Felipe\JAVA\IntelliJ IDEA Community Edition 2021.1.1\lib\idea_rt.jar=56212:C:\Users\Felipe\JAVA\IntelliJ IDEA Community Edition 2021.1.1\bin -Dfile.encoding=UTF-8 -Dsun.stdout.encoding=UTF-8 -Dsun.stderr.encoding=UTF-8 com.escola.cadastro.escolar.CadastroEscolarApplication

Host: AMD Ryzen 7 1700 Eight-Core Processor          , 16 cores, 15G,  Windows 10 , 64 bit Build 19041 (10.0.19041.2546)
Time: Thu Feb 23 20:59:32 2023 Hora oficial do Brasil elapsed time: 8.554891 seconds (0d 0h 0m 8s)

---------------  T H R E A D  ---------------

Current thread (0x00000241c7317080):  JavaThread "main" [_thread_in_Java, id=8252, stack(0x000000f4e6800000,0x000000f4e6900000)]

Stack: [0x000000f4e6800000,0x000000f4e6900000],  sp=0x000000f4e68fc150,  free space=1008k
Native frames: (J=compiled Java code, j=interpreted, Vv=VM code, C=native code)
C  0x00000241d18fa691


siginfo: EXCEPTION_ACCESS_VIOLATION (0xc0000005), reading address 0xffffffffffffffff


Register to memory mapping:

RIP=0x00000241d18fa691 is at entry_point+465 in (nmethod*)0x00000241d18fa290
Compiled method (c1)    9795 7331       3       java.util.regex.Pattern$StartS::match (138 bytes)
 total in heap  [0x00000241d18fa290,0x00000241d18fb270] = 4064
 relocation     [0x00000241d18fa3e8,0x00000241d18fa4c0] = 216
 main code      [0x00000241d18fa4c0,0x00000241d18faf60] = 2720
 stub code      [0x00000241d18faf60,0x00000241d18fafd8] = 120
 metadata       [0x00000241d18fafd8,0x00000241d18faff0] = 24
 scopes data    [0x00000241d18faff0,0x00000241d18fb0b8] = 200
 scopes pcs     [0x00000241d18fb0b8,0x00000241d18fb238] = 384
 dependencies   [0x00000241d18fb238,0x00000241d18fb240] = 8
 nul chk table  [0x00000241d18fb240,0x00000241d18fb270] = 48
RAX=0x0 is NULL
RBX=0x0 is NULL
RCX=0x0000000000000094 is an unknown value
RDX=0x0000000000000198 is an unknown value
RSP=0x000000f4e68fc150 is pointing into the stack for thread: 0x00000241c7317080
RBP=0x0 is NULL
RSI=0x0 is NULL
RDI=0x0000000000000208 is an unknown value
R8 =0x00000241efd41be8 is pointing into metadata
R9 =0x00000241efd3fcb8 is pointing into metadata
R10=0x00000241c73d1000 points into unknown readable memory: 0x0000000000000000 | 00 00 00 00 00 00 00 00
R11=0x0000000000000095 is an unknown value
R12=0x0 is NULL
R13=0x0000000000000198 is an unknown value
R14=0x00000000000006eb is an unknown value
R15=0x00000241c7317080 is a thread


Registers:
RAX=0x0000000000000000, RBX=0x0000000000000000, RCX=0x0000000000000094, RDX=0x0000000000000198
RSP=0x000000f4e68fc150, RBP=0x0000000000000000, RSI=0x0000000000000000, RDI=0x0000000000000208
R8 =0x00000241efd41be8, R9 =0x00000241efd3fcb8, R10=0x00000241c73d1000, R11=0x0000000000000095
R12=0x0000000000000000, R13=0x0000000000000198, R14=0x00000000000006eb, R15=0x00000241c7317080
RIP=0x00000241d18fa691, EFLAGS=0x0000000000010246

Top of Stack: (sp=0x000000f4e68fc150)
0x000000f4e68fc150:   000000f4e68fc1c8 00000241d0409657
0x000000f4e68fc160:   000000f4e68fc1c8 00000241d0409657
0x000000f4e68fc170:   000000f4e68fc280 00000241d18f9b0c
0x000000f4e68fc180:   000000f4e68fc180 00000241efe4e3cd
0x000000f4e68fc190:   000000c200000099 0000000704fc83c0
0x000000f4e68fc1a0:   000000070389c210 0000000704fc84b0
0x000000f4e68fc1b0:   0000024100000099 0000000000000000
0x000000f4e68fc1c0:   0000000000000000 00000241d8387884
0x000000f4e68fc1d0:   00000241d0409657 0000000704fc84b0
0x000000f4e68fc1e0:   0000000704fc84b0 00000241d828b24c
0x000000f4e68fc1f0:   0000000704fc83c0 000000070389c118
0x000000f4e68fc200:   0000000000000000 0000000704fc81f8
0x000000f4e68fc210:   000000f4e68fc280 00000241d0409612
0x000000f4e68fc220:   00000241d0409657 00000241d0409612
0x000000f4e68fc230:   0000000704fc84b0 000000f4e68fc238
0x000000f4e68fc240:   00000241efe4e1a6 000000f4e68fc2a0 

Instructions: (pc=0x00000241d18fa691)
0x00000241d18fa591:   00 00 00 00 00 00 48 8b 0c 03 48 8d 49 01 48 89
0x00000241d18fa5a1:   0c 03 0f 8f 91 07 00 00 8b 5a 0c 48 c1 e3 03 48
0x00000241d18fa5b1:   3b 03 48 8b c3 48 b9 e8 1b d4 ef 41 02 00 00 8b
0x00000241d18fa5c1:   40 08 49 ba 00 00 00 00 08 00 00 00 49 03 c2 48
0x00000241d18fa5d1:   3b 81 60 01 00 00 75 0d 48 83 81 68 01 00 00 01
0x00000241d18fa5e1:   e9 66 00 00 00 48 3b 81 70 01 00 00 75 0d 48 83
0x00000241d18fa5f1:   81 78 01 00 00 01 e9 50 00 00 00 48 81 b9 60 01
0x00000241d18fa601:   00 00 00 00 00 00 75 17 48 89 81 60 01 00 00 48
0x00000241d18fa611:   c7 81 68 01 00 00 01 00 00 00 e9 2c 00 00 00 48
0x00000241d18fa621:   81 b9 70 01 00 00 00 00 00 00 75 17 48 89 81 70
0x00000241d18fa631:   01 00 00 48 c7 81 78 01 00 00 01 00 00 00 e9 08
0x00000241d18fa641:   00 00 00 48 83 81 50 01 00 00 01 49 8b c0 4c 8b
0x00000241d18fa651:   c0 49 8b c9 4c 8b c9 4c 8b df 49 8b fb 48 8b d3
0x00000241d18fa661:   89 4c 24 40 48 b8 a0 fa 32 00 08 00 00 00 e8 ac
0x00000241d18fa671:   05 b5 fe 83 f8 00 49 b8 e8 1b d4 ef 41 02 00 00
0x00000241d18fa681:   48 ba 98 01 00 00 00 00 00 00 0f 85 0a 00 00 00
0x00000241d18fa691:   48 ba 88 01 00 00 00 00 00 00 49 8b 34 10 48 8d
0x00000241d18fa6a1:   76 01 49 89 34 10 44 8b 4c 24 40 0f 85 a5 06 00
0x00000241d18fa6b1:   00 44 3b 4c 24 44 49 b8 e8 1b d4 ef 41 02 00 00
0x00000241d18fa6c1:   48 ba b8 01 00 00 00 00 00 00 0f 84 0a 00 00 00
0x00000241d18fa6d1:   48 ba a8 01 00 00 00 00 00 00 49 8b 34 10 48 8d
0x00000241d18fa6e1:   76 01 49 89 34 10 0f 84 38 06 00 00 48 8b 7c 24
0x00000241d18fa6f1:   48 49 8b f1 ff c6 89 74 24 60 48 3b 07 4c 8b c7
0x00000241d18fa701:   48 ba e8 1b d4 ef 41 02 00 00 45 8b 40 08 49 ba
0x00000241d18fa711:   00 00 00 00 08 00 00 00 4d 03 c2 4c 3b 82 f0 01
0x00000241d18fa721:   00 00 75 0d 48 83 82 f8 01 00 00 01 e9 66 00 00
0x00000241d18fa731:   00 4c 3b 82 00 02 00 00 75 0d 48 83 82 08 02 00
0x00000241d18fa741:   00 01 e9 50 00 00 00 48 81 ba f0 01 00 00 00 00
0x00000241d18fa751:   00 00 75 17 4c 89 82 f0 01 00 00 48 c7 82 f8 01
0x00000241d18fa761:   00 00 01 00 00 00 e9 2c 00 00 00 48 81 ba 00 02
0x00000241d18fa771:   00 00 00 00 00 00 75 17 4c 89 82 00 02 00 00 48
0x00000241d18fa781:   c7 82 08 02 00 00 01 00 00 00 e9 08 00 00 00 48 


Stack slot to memory mapping:
stack at sp + 0 slots: 0x000000f4e68fc1c8 is pointing into the stack for thread: 0x00000241c7317080
stack at sp + 1 slots: 0x00000241d0409657 is at code_begin+1463 in an Interpreter codelet
return entry points  [0x00000241d04090a0, 0x00000241d0409ba0]  2816 bytes
stack at sp + 2 slots: 0x000000f4e68fc1c8 is pointing into the stack for thread: 0x00000241c7317080
stack at sp + 3 slots: 0x00000241d0409657 is at code_begin+1463 in an Interpreter codelet
return entry points  [0x00000241d04090a0, 0x00000241d0409ba0]  2816 bytes
stack at sp + 4 slots: 0x000000f4e68fc280 is pointing into the stack for thread: 0x00000241c7317080
stack at sp + 5 slots: 0x00000241d18f9b0c is at entry_point+1900 in (nmethod*)0x00000241d18f9110
Compiled method (c1)   10085 7327       3       java.util.regex.Matcher::group (112 bytes)
 total in heap  [0x00000241d18f9110,0x00000241d18fa260] = 4432
 relocation     [0x00000241d18f9268,0x00000241d18f9398] = 304
 main code      [0x00000241d18f93a0,0x00000241d18f9de0] = 2624
 stub code      [0x00000241d18f9de0,0x00000241d18f9ea8] = 200
 oops           [0x00000241d18f9ea8,0x00000241d18f9eb0] = 8
 metadata       [0x00000241d18f9eb0,0x00000241d18f9ef0] = 64
 scopes data    [0x00000241d18f9ef0,0x00000241d18fa020] = 304
 scopes pcs     [0x00000241d18fa020,0x00000241d18fa220] = 512
 dependencies   [0x00000241d18fa220,0x00000241d18fa228] = 8
 nul chk table  [0x00000241d18fa228,0x00000241d18fa260] = 56
stack at sp + 6 slots: 0x000000f4e68fc180 is pointing into the stack for thread: 0x00000241c7317080
stack at sp + 7 slots: 0x00000241efe4e3cd is pointing into metadata


Compiled method (c1)   10257 7331       3       java.util.regex.Pattern$StartS::match (138 bytes)
 total in heap  [0x00000241d18fa290,0x00000241d18fb270] = 4064
 relocation     [0x00000241d18fa3e8,0x00000241d18fa4c0] = 216
 main code      [0x00000241d18fa4c0,0x00000241d18faf60] = 2720
 stub code      [0x00000241d18faf60,0x00000241d18fafd8] = 120
 metadata       [0x00000241d18fafd8,0x00000241d18faff0] = 24
 scopes data    [0x00000241d18faff0,0x00000241d18fb0b8] = 200
 scopes pcs     [0x00000241d18fb0b8,0x00000241d18fb238] = 384
 dependencies   [0x00000241d18fb238,0x00000241d18fb240] = 8
 nul chk table  [0x00000241d18fb240,0x00000241d18fb270] = 48

[Constant Pool (empty)]

[MachCode]
[Entry Point]
  # {method} {0x000000080032e990} 'match' '(Ljava/util/regex/Matcher;ILjava/lang/CharSequence;)Z' in 'java/util/regex/Pattern$StartS'
  # this:     rdx:rdx   = 'java/util/regex/Pattern$StartS'
  # parm0:    r8:r8     = 'java/util/regex/Matcher'
  # parm1:    r9        = int
  # parm2:    rdi:rdi   = 'java/lang/CharSequence'
  #           [sp+0x80]  (sp of caller)
  0x00000241d18fa4c0: 448b 5208 | 49bb 0000 | 0000 0800 | 0000 4d03 | d34c 3bd0 

  0x00000241d18fa4d4: ;   {runtime_call ic_miss_stub}
  0x00000241d18fa4d4: 0f85 a625 | b5fe 660f | 1f44 0000 
[Verified Entry Point]
  0x00000241d18fa4e0: 8984 2400 | 90ff ff55 | 4883 ec70 | 4889 5424 | 504c 8944 | 2458 4889 

  0x00000241d18fa4f8: ;   {metadata(method data for {method} {0x000000080032e990} 'match' '(Ljava/util/regex/Matcher;ILjava/lang/CharSequence;)Z' in 'java/util/regex/Pattern$StartS')}
  0x00000241d18fa4f8: 7c24 4848 | bee8 1bd4 | ef41 0200 | 008b 9ecc | 0000 0083 | c302 899e | cc00 0000 | 81e3 fe07 
  0x00000241d18fa518: 0000 83fb | 000f 849f | 0800 0041 | 8b70 108b | 5a10 2bf3 | 8974 2444 

  0x00000241d18fa530: ;   {metadata(method data for {method} {0x000000080032e990} 'match' '(Ljava/util/regex/Matcher;ILjava/lang/CharSequence;)Z' in 'java/util/regex/Pattern$StartS')}
  0x00000241d18fa530: 443b ce48 | bbe8 1bd4 | ef41 0200 | 0048 b820 | 0100 0000 | 0000 000f | 8f0a 0000 | 0048 b810 
  0x00000241d18fa550: 0100 0000 | 0000 0048 | 8b0c 0348 | 8d49 0148 | 890c 030f | 8f3c 0800 | 000f 1f80 | 0000 0000 
  0x00000241d18fa570: ;   {metadata(method data for {method} {0x000000080032e990} 'match' '(Ljava/util/regex/Matcher;ILjava/lang/CharSequence;)Z' in 'java/util/regex/Pattern$StartS')}
  0x00000241d18fa570: 443b ce48 | bbe8 1bd4 | ef41 0200 | 0048 b830 | 0100 0000 | 0000 000f | 8f0a 0000 | 0048 b840 
  0x00000241d18fa590: 0100 0000 | 0000 0048 | 8b0c 0348 | 8d49 0148 | 890c 030f | 8f91 0700 | 008b 5a0c | 48c1 e303 
  0x00000241d18fa5b0: ; implicit exception: dispatches to 0x00000241d18fade8
  0x00000241d18fa5b0: 483b 0348 

  0x00000241d18fa5b4: ;   {metadata(method data for {method} {0x000000080032e990} 'match' '(Ljava/util/regex/Matcher;ILjava/lang/CharSequence;)Z' in 'java/util/regex/Pattern$StartS')}
  0x00000241d18fa5b4: 8bc3 48b9 | e81b d4ef | 4102 0000 | 8b40 0849 | ba00 0000 | 0008 0000 | 0049 03c2 | 483b 8160 
  0x00000241d18fa5d4: 0100 0075 | 0d48 8381 | 6801 0000 | 01e9 6600 | 0000 483b | 8170 0100 | 0075 0d48 | 8381 7801 
  0x00000241d18fa5f4: 0000 01e9 | 5000 0000 | 4881 b960 | 0100 0000 | 0000 0075 | 1748 8981 | 6001 0000 | 48c7 8168 
  0x00000241d18fa614: 0100 0001 | 0000 00e9 | 2c00 0000 | 4881 b970 | 0100 0000 | 0000 0075 | 1748 8981 | 7001 0000 
  0x00000241d18fa634: 48c7 8178 | 0100 0001 | 0000 00e9 | 0800 0000 | 4883 8150 | 0100 0001 | 498b c04c | 8bc0 498b 
  0x00000241d18fa654: c94c 8bc9 | 4c8b df49 | 8bfb 488b | d389 4c24 | 4048 b8a0 | fa32 0008 

  0x00000241d18fa66c: ;   {virtual_call}
  0x00000241d18fa66c: 0000 00e8 

  0x00000241d18fa670: ; ImmutableOopMap {[80]=Oop [72]=Oop [88]=Oop }
                      ;*invokevirtual match {reexecute=0 rethrow=0 return_oop=0}
                      ; - java.util.regex.Pattern$StartS::match@44 (line 3651)
  0x00000241d18fa670: ac05 b5fe 

  0x00000241d18fa674: ;   {metadata(method data for {method} {0x000000080032e990} 'match' '(Ljava/util/regex/Matcher;ILjava/lang/CharSequence;)Z' in 'java/util/regex/Pattern$StartS')}
  0x00000241d18fa674: 83f8 0049 | b8e8 1bd4 | ef41 0200 | 0048 ba98 | 0100 0000 | 0000 000f | 850a 0000 | 0048 ba88 
  0x00000241d18fa694: 0100 0000 | 0000 0049 | 8b34 1048 | 8d76 0149 | 8934 1044 | 8b4c 2440 | 0f85 a506 | 0000 443b 
  0x00000241d18fa6b4: ;   {metadata(method data for {method} {0x000000080032e990} 'match' '(Ljava/util/regex/Matcher;ILjava/lang/CharSequence;)Z' in 'java/util/regex/Pattern$StartS')}
  0x00000241d18fa6b4: 4c24 4449 | b8e8 1bd4 | ef41 0200 | 0048 bab8 | 0100 0000 | 0000 000f | 840a 0000 | 0048 baa8 
  0x00000241d18fa6d4: 0100 0000 | 0000 0049 | 8b34 1048 | 8d76 0149 | 8934 100f | 8438 0600 | 0048 8b7c | 2448 498b 
  0x00000241d18fa6f4: f1ff c689 | 7424 6048 | 3b07 4c8b 

  0x00000241d18fa700: ;   {metadata(method data for {method} {0x000000080032e990} 'match' '(Ljava/util/regex/Matcher;ILjava/lang/CharSequence;)Z' in 'java/util/regex/Pattern$StartS')}
  0x00000241d18fa700: c748 bae8 | 1bd4 ef41 | 0200 0045 | 8b40 0849 | ba00 0000 | 0008 0000 | 004d 03c2 | 4c3b 82f0 
  0x00000241d18fa720: 0100 0075 | 0d48 8382 | f801 0000 | 01e9 6600 | 0000 4c3b | 8200 0200 | 0075 0d48 | 8382 0802 
  0x00000241d18fa740: 0000 01e9 | 5000 0000 | 4881 baf0 | 0100 0000 | 0000 0075 | 174c 8982 | f001 0000 | 48c7 82f8 
  0x00000241d18fa760: 0100 0001 | 0000 00e9 | 2c00 0000 | 4881 ba00 | 0200 0000 | 0000 0075 | 174c 8982 | 0002 0000 
  0x00000241d18fa780: 48c7 8208 | 0200 0001 | 0000 00e9 | 0800 0000 | 4883 82e0 | 0100 0001 | 4d8b c148 | 8bd7 0f1f 
  0x00000241d18fa7a0: 8000 0000 | 0048 b838 | 8600 0008 

  0x00000241d18fa7ac: ;   {virtual_call}
  0x00000241d18fa7ac: 0000 00e8 

  0x00000241d18fa7b0: ; ImmutableOopMap {[80]=Oop [88]=Oop [72]=Oop }
                      ;*invokeinterface charAt {reexecute=0 rethrow=0 return_oop=0}
                      ; - java.util.regex.Pattern$StartS::match@91 (line 3661)
  0x00000241d18fa7b0: ec68 6c06 

  0x00000241d18fa7b4: ;   {metadata(method data for {method} {0x000000080032e990} 'match' '(Ljava/util/regex/Matcher;ILjava/lang/CharSequence;)Z' in 'java/util/regex/Pattern$StartS')}
  0x00000241d18fa7b4: 48ba e81b | d4ef 4102 | 0000 4883 | 8218 0200 

  0x00000241d18fa7c4: ;   {metadata(method data for {method} {0x000000080002be68} 'isHighSurrogate' '(C)Z' in 'java/lang/Character')}
  0x00000241d18fa7c4: 0001 48ba | 70f1 71ed | 4102 0000 | 8bb2 cc00 | 0000 83c6 | 0289 b2cc | 0000 0081 | e6fe ff1f 
  0x00000241d18fa7e4: 0083 fe00 | 0f84 0406 | 0000 81f8 | 00d8 0000 

  0x00000241d18fa7f4: ;   {metadata(method data for {method} {0x000000080002be68} 'isHighSurrogate' '(C)Z' in 'java/lang/Character')}
  0x00000241d18fa7f4: 48ba 70f1 | 71ed 4102 | 0000 48be | 1001 0000 | 0000 0000 | 0f8c 0a00 | 0000 48be | 2001 0000 
  0x00000241d18fa814: 0000 0000 | 488b 3c32 | 488d 7f01 | 4889 3c32 | 0f8c 3c00 | 0000 81f8 | 00dc 0000 

  0x00000241d18fa830: ;   {metadata(method data for {method} {0x000000080002be68} 'isHighSurrogate' '(C)Z' in 'java/lang/Character')}
  0x00000241d18fa830: 48ba 70f1 | 71ed 4102 | 0000 48be | 4001 0000 | 0000 0000 | 0f8c 0a00 | 0000 48be | 3001 0000 
  0x00000241d18fa850: 0000 0000 | 488b 3c32 | 488d 7f01 | 4889 3c32 | 0f8c 0a00 | 0000 ba00 | 0000 00e9 | 1500 0000 
  0x00000241d18fa870: ;   {metadata(method data for {method} {0x000000080002be68} 'isHighSurrogate' '(C)Z' in 'java/lang/Character')}
  0x00000241d18fa870: 48ba 70f1 | 71ed 4102 | 0000 ff82 | 5001 0000 | ba01 0000 | 0083 e201 | 83fa 00be | 0200 0000 
  0x00000241d18fa890: 0f84 0500 | 0000 be00 

  0x00000241d18fa898: ;   {metadata(method data for {method} {0x000000080032e990} 'match' '(Ljava/util/regex/Matcher;ILjava/lang/CharSequence;)Z' in 'java/util/regex/Pattern$StartS')}
  0x00000241d18fa898: 0000 0048 | bfe8 1bd4 | ef41 0200 | 008b 9fd0 | 0000 0003 | de89 9fd0 | 0000 0083 | fe00 0f85 
  0x00000241d18fa8b8: 0500 0000 | bb02 0000 | 0081 e3fe | 3f00 0083 | fb00 0f84 | 4305 0000 | 4d8b 9740 

  0x00000241d18fa8d4: ; ImmutableOopMap {[80]=Oop [88]=Oop [72]=Oop }
                      ;*ifeq {reexecute=1 rethrow=0 return_oop=0}
                      ; - (reexecute) java.util.regex.Pattern$StartS::match@99 (line 3661)
                      ;   {poll}
  0x00000241d18fa8d4: 0300 0041 | 8502 83fa 

  0x00000241d18fa8dc: ;   {metadata(method data for {method} {0x000000080032e990} 'match' '(Ljava/util/regex/Matcher;ILjava/lang/CharSequence;)Z' in 'java/util/regex/Pattern$StartS')}
  0x00000241d18fa8dc: 0048 bae8 | 1bd4 ef41 | 0200 0048 | be28 0200 | 0000 0000 | 000f 840a | 0000 0048 | be38 0200 
  0x00000241d18fa8fc: 0000 0000 | 0048 8b3c | 3248 8d7f | 0148 893c | 320f 8492 | 0300 0048 | 8b7c 2448 

  0x00000241d18fa918: ;   {metadata(method data for {method} {0x000000080032e990} 'match' '(Ljava/util/regex/Matcher;ILjava/lang/CharSequence;)Z' in 'java/util/regex/Pattern$StartS')}
  0x00000241d18fa918: 48ba e81b | d4ef 4102 | 0000 8b7f | 0849 ba00 | 0000 0008 | 0000 0049 | 03fa 483b | ba58 0200 
  0x00000241d18fa938: 0075 0d48 | 8382 6002 | 0000 01e9 | 6600 0000 | 483b ba68 | 0200 0075 | 0d48 8382 | 7002 0000 
  0x00000241d18fa958: 01e9 5000 | 0000 4881 | ba58 0200 | 0000 0000 | 0075 1748 | 89ba 5802 | 0000 48c7 | 8260 0200 
  0x00000241d18fa978: 0001 0000 | 00e9 2c00 | 0000 4881 | ba68 0200 | 0000 0000 | 0075 1748 | 89ba 6802 | 0000 48c7 
  0x00000241d18fa998: 8270 0200 | 0001 0000 | 00e9 0800 | 0000 4883 | 8248 0200 | 0001 488b | 5424 4866 | 9048 b8ff 
  0x00000241d18fa9b8: ffff ffff 

  0x00000241d18fa9bc: ;   {virtual_call}
  0x00000241d18fa9bc: ffff ffe8 

  0x00000241d18fa9c0: ; ImmutableOopMap {[80]=Oop [88]=Oop [72]=Oop }
                      ;*invokeinterface length {reexecute=0 rethrow=0 return_oop=0}
                      ; - java.util.regex.Pattern$StartS::match@104 (line 3662)
  0x00000241d18fa9c0: bc26 b5fe | 8b74 2460 | 3bf0 41b8 | 0200 0000 | 0f8d 0600 | 0000 41b8 | 0000 0000 

  0x00000241d18fa9dc: ;   {metadata(method data for {method} {0x000000080032e990} 'match' '(Ljava/util/regex/Matcher;ILjava/lang/CharSequence;)Z' in 'java/util/regex/Pattern$StartS')}
  0x00000241d18fa9dc: 48ba e81b | d4ef 4102 | 0000 8bba | d000 0000 | 4103 f889 | bad0 0000 | 0041 83f8 | 000f 8505 
  0x00000241d18fa9fc: 0000 00bf | 0200 0000 | 81e7 fe3f | 0000 83ff | 000f 8421 | 0400 004d | 8b97 4003 

  0x00000241d18faa18: ; ImmutableOopMap {[80]=Oop [88]=Oop [72]=Oop }
                      ;*if_icmpge {reexecute=1 rethrow=0 return_oop=0}
                      ; - (reexecute) java.util.regex.Pattern$StartS::match@109 (line 3662)
                      ;   {poll}
  0x00000241d18faa18: 0000 4185 

  0x00000241d18faa1c: ;   {metadata(method data for {method} {0x000000080032e990} 'match' '(Ljava/util/regex/Matcher;ILjava/lang/CharSequence;)Z' in 'java/util/regex/Pattern$StartS')}
  0x00000241d18faa1c: 023b f049 | b8e8 1bd4 | ef41 0200 | 0048 ba80 | 0200 0000 | 0000 000f | 8d0a 0000 | 0048 ba90 
  0x00000241d18faa3c: 0200 0000 | 0000 0049 | 8b3c 1048 | 8d7f 0149 | 893c 100f | 8d33 0200 | 0048 8b7c 

  0x00000241d18faa58: ;   {metadata(method data for {method} {0x000000080032e990} 'match' '(Ljava/util/regex/Matcher;ILjava/lang/CharSequence;)Z' in 'java/util/regex/Pattern$StartS')}
  0x00000241d18faa58: 2448 49b8 | e81b d4ef | 4102 0000 | 8b7f 0849 | ba00 0000 | 0008 0000 | 0049 03fa | 493b b8b0 
  0x00000241d18faa78: 0200 0075 | 0d49 8380 | b802 0000 | 01e9 6600 | 0000 493b | b8c0 0200 | 0075 0d49 | 8380 c802 
  0x00000241d18faa98: 0000 01e9 | 5000 0000 | 4981 b8b0 | 0200 0000 | 0000 0075 | 1749 89b8 | b002 0000 | 49c7 80b8 
  0x00000241d18faab8: 0200 0001 | 0000 00e9 | 2c00 0000 | 4981 b8c0 | 0200 0000 | 0000 0075 | 1749 89b8 | c002 0000 
  0x00000241d18faad8: 49c7 80c8 | 0200 0001 | 0000 00e9 | 0800 0000 | 4983 80a0 | 0200 0001 | 4c8b c648 | 8b54 2448 
  0x00000241d18faaf8: 0f1f 4400 | 0048 b8ff | ffff ffff 

  0x00000241d18fab04: ;   {virtual_call}
  0x00000241d18fab04: ffff ffe8 

  0x00000241d18fab08: ; ImmutableOopMap {[80]=Oop [88]=Oop [72]=Oop }
                      ;*invokeinterface charAt {reexecute=0 rethrow=0 return_oop=0}
                      ; - java.util.regex.Pattern$StartS::match@114 (line 3663)
  0x00000241d18fab08: 7425 b5fe 

  0x00000241d18fab0c: ;   {metadata(method data for {method} {0x000000080032e990} 'match' '(Ljava/util/regex/Matcher;ILjava/lang/CharSequence;)Z' in 'java/util/regex/Pattern$StartS')}
  0x00000241d18fab0c: 48be e81b | d4ef 4102 | 0000 4883 | 86d8 0200 

  0x00000241d18fab1c: ;   {metadata(method data for {method} {0x000000080002bec0} 'isLowSurrogate' '(C)Z' in 'java/lang/Character')}
  0x00000241d18fab1c: 0001 48be | 484a 72ed | 4102 0000 | 8bbe cc00 | 0000 83c7 | 0289 becc | 0000 0081 | e7fe ff1f 
  0x00000241d18fab3c: 0083 ff00 | 0f84 0f03 | 0000 81f8 | 00dc 0000 

  0x00000241d18fab4c: ;   {metadata(method data for {method} {0x000000080002bec0} 'isLowSurrogate' '(C)Z' in 'java/lang/Character')}
  0x00000241d18fab4c: 48be 484a | 72ed 4102 | 0000 48bf | 1001 0000 | 0000 0000 | 0f8c 0a00 | 0000 48bf | 2001 0000 
  0x00000241d18fab6c: 0000 0000 | 488b 1c3e | 488d 5b01 | 4889 1c3e | 0f8c 3c00 | 0000 81f8 | 00e0 0000 

  0x00000241d18fab88: ;   {metadata(method data for {method} {0x000000080002bec0} 'isLowSurrogate' '(C)Z' in 'java/lang/Character')}
  0x00000241d18fab88: 48b8 484a | 72ed 4102 | 0000 48be | 4001 0000 | 0000 0000 | 0f8c 0a00 | 0000 48be | 3001 0000 
  0x00000241d18faba8: 0000 0000 | 488b 3c30 | 488d 7f01 | 4889 3c30 | 0f8c 0a00 | 0000 b800 | 0000 00e9 | 1500 0000 
  0x00000241d18fabc8: ;   {metadata(method data for {method} {0x000000080002bec0} 'isLowSurrogate' '(C)Z' in 'java/lang/Character')}
  0x00000241d18fabc8: 48b8 484a | 72ed 4102 | 0000 ff80 | 5001 0000 | b801 0000 | 0083 e001 | 83f8 00be | 0200 0000 
  0x00000241d18fabe8: 0f84 0500 | 0000 be00 

  0x00000241d18fabf0: ;   {metadata(method data for {method} {0x000000080032e990} 'match' '(Ljava/util/regex/Matcher;ILjava/lang/CharSequence;)Z' in 'java/util/regex/Pattern$StartS')}
  0x00000241d18fabf0: 0000 0048 | bfe8 1bd4 | ef41 0200 | 008b 9fd0 | 0000 0003 | de89 9fd0 | 0000 0083 | fe00 0f85 
  0x00000241d18fac10: 0500 0000 | bb02 0000 | 0081 e3fe | 3f00 0083 | fb00 0f84 | 4e02 0000 | 4d8b 9740 

  0x00000241d18fac2c: ; ImmutableOopMap {[80]=Oop [88]=Oop [72]=Oop }
                      ;*ifeq {reexecute=1 rethrow=0 return_oop=0}
                      ; - (reexecute) java.util.regex.Pattern$StartS::match@122 (line 3663)
                      ;   {poll}
  0x00000241d18fac2c: 0300 0041 | 8502 83f8 

  0x00000241d18fac34: ;   {metadata(method data for {method} {0x000000080032e990} 'match' '(Ljava/util/regex/Matcher;ILjava/lang/CharSequence;)Z' in 'java/util/regex/Pattern$StartS')}
  0x00000241d18fac34: 0048 b8e8 | 1bd4 ef41 | 0200 0048 | bef8 0200 | 0000 0000 | 000f 850a | 0000 0048 | bee8 0200 
  0x00000241d18fac54: 0000 0000 | 0048 8b3c | 3048 8d7f | 0148 893c | 300f 8557 | 0000 0044 | 8b4c 2460 | 8b74 2444 
  0x00000241d18fac74: 488b 7c24 | 484c 8b44 | 2458 488b | 5424 50e9 | e8f8 ffff | 448b 4c24 | 608b 7424 | 4448 8b7c 
  0x00000241d18fac94: 2448 4c8b | 4424 5848 | 8b54 2450 | e9cb f8ff | ff44 8b4c | 2460 8b74 | 2444 488b | 7c24 484c 
  0x00000241d18facb4: 8b44 2458 | 488b 5424 | 50e9 aef8 | ffff 8b74 | 2460 ffc6 

  0x00000241d18facc8: ;   {metadata(method data for {method} {0x000000080032e990} 'match' '(Ljava/util/regex/Matcher;ILjava/lang/CharSequence;)Z' in 'java/util/regex/Pattern$StartS')}
  0x00000241d18facc8: 48b8 e81b | d4ef 4102 | 0000 8bb8 | d000 0000 | 83c7 0289 | b8d0 0000 | 0081 e7fe | 3f00 0083 
  0x00000241d18face8: ff00 0f84 | a701 0000 | 4d8b 9740 

  0x00000241d18facf4: ; ImmutableOopMap {[80]=Oop [88]=Oop [72]=Oop }
                      ;*goto {reexecute=1 rethrow=0 return_oop=0}
                      ; - (reexecute) java.util.regex.Pattern$StartS::match@128 (line 3664)
                      ;   {poll}
  0x00000241d18facf4: 0300 0041 

  0x00000241d18facf8: ;   {metadata(method data for {method} {0x000000080032e990} 'match' '(Ljava/util/regex/Matcher;ILjava/lang/CharSequence;)Z' in 'java/util/regex/Pattern$StartS')}
  0x00000241d18facf8: 8502 48b8 | e81b d4ef | 4102 0000 | ff80 0803 | 0000 4c8b | ce8b 7424 | 4448 8b7c | 2448 4c8b 
  0x00000241d18fad18: 4424 5848 | 8b54 2450 | e94b f8ff 

  0x00000241d18fad24: ;   {metadata(method data for {method} {0x000000080032e990} 'match' '(Ljava/util/regex/Matcher;ILjava/lang/CharSequence;)Z' in 'java/util/regex/Pattern$StartS')}
  0x00000241d18fad24: ff48 b8e8 | 1bd4 ef41 | 0200 00ff | 80c8 0100 | 004c 8b44 | 2458 41c6 | 4030 01b8 | 0000 0000 
  0x00000241d18fad44: 4883 c470 

  0x00000241d18fad48: ;   {poll_return}
  0x00000241d18fad48: 5d49 3ba7 | 3803 0000 | 0f87 6201 | 0000 c34c | 8b44 2458 | 4589 481c | 418b 4038 | 48c1 e003 
  0x00000241d18fad68: ; implicit exception: dispatches to 0x00000241d18faece
  0x00000241d18fad68: 8178 0c00 | 0000 000f | 8663 0100 | 0044 8948 | 1041 8b70 | 2081 780c | 0100 0000 | 0f86 6001 
  0x00000241d18fad88: 0000 8970 | 14b8 0100 | 0000 4883 

  0x00000241d18fad94: ;   {poll_return}
  0x00000241d18fad94: c470 5d49 | 3ba7 3803 | 0000 0f87 | 5801 0000 | c341 c640 | 3001 b800 | 0000 0048 | 83c4 705d 
  0x00000241d18fadb4: ;   {poll_return}
  0x00000241d18fadb4: 493b a738 | 0300 000f | 8751 0100 

  0x00000241d18fadc0: ;   {metadata({method} {0x000000080032e990} 'match' '(Ljava/util/regex/Matcher;ILjava/lang/CharSequence;)Z' in 'java/util/regex/Pattern$StartS')}
  0x00000241d18fadc0: 00c3 49ba | 88e9 3200 | 0800 0000 | 4c89 5424 | 0848 c704 | 24ff ffff 

  0x00000241d18fadd8: ;   {runtime_call counter_overflow Runtime1 stub}
  0x00000241d18fadd8: ffe8 2203 

  0x00000241d18faddc: ; ImmutableOopMap {rdx=Oop [80]=Oop r8=Oop [88]=Oop rdi=Oop [72]=Oop }
                      ;*synchronization entry
                      ; - java.util.regex.Pattern$StartS::match@-1 (line 3644)
  0x00000241d18faddc: c0fe e940 

  0x00000241d18fade0: ;   {runtime_call throw_null_pointer_exception Runtime1 stub}
  0x00000241d18fade0: f7ff ffe8 

  0x00000241d18fade4: ; ImmutableOopMap {rdx=Oop [80]=Oop r8=Oop [88]=Oop rdi=Oop [72]=Oop }
                      ;*getfield to {reexecute=1 rethrow=0 return_oop=0}
                      ; - (reexecute) java.util.regex.Pattern$StartS::match@2 (line 3644)
  0x00000241d18fade4: 38a9 bffe 

  0x00000241d18fade8: ;   {runtime_call throw_null_pointer_exception Runtime1 stub}
  0x00000241d18fade8: e833 a9bf 

  0x00000241d18fadec: ; ImmutableOopMap {rdx=Oop [80]=Oop r8=Oop [88]=Oop rdi=Oop [72]=Oop rbx=Oop }
                      ;*invokevirtual match {reexecute=0 rethrow=0 return_oop=0}
                      ; - java.util.regex.Pattern$StartS::match@44 (line 3651)
                      ;   {runtime_call throw_null_pointer_exception Runtime1 stub}
  0x00000241d18fadec: fee8 2ea9 

  0x00000241d18fadf0: ; ImmutableOopMap {[80]=Oop [88]=Oop rdi=Oop [72]=Oop }
                      ;*invokeinterface charAt {reexecute=0 rethrow=0 return_oop=0}
                      ; - java.util.regex.Pattern$StartS::match@91 (line 3661)
                      ;   {metadata({method} {0x000000080002be68} 'isHighSurrogate' '(C)Z' in 'java/lang/Character')}
  0x00000241d18fadf0: bffe 49ba | 60be 0200 | 0800 0000 | 4c89 5424 | 0848 c704 | 24ff ffff 

  0x00000241d18fae08: ;   {runtime_call counter_overflow Runtime1 stub}
  0x00000241d18fae08: ffe8 f202 

  0x00000241d18fae0c: ; ImmutableOopMap {[80]=Oop [88]=Oop [72]=Oop }
                      ;*synchronization entry
                      ; - java.lang.Character::isHighSurrogate@-1 (line 8775)
                      ; - java.util.regex.Pattern$StartS::match@96 (line 3661)
  0x00000241d18fae0c: c0fe e9db 

  0x00000241d18fae10: ;   {metadata({method} {0x000000080032e990} 'match' '(Ljava/util/regex/Matcher;ILjava/lang/CharSequence;)Z' in 'java/util/regex/Pattern$StartS')}
  0x00000241d18fae10: f9ff ff49 | ba88 e932 | 0008 0000 | 004c 8954 | 2408 48c7 | 0424 6300 

  0x00000241d18fae28: ;   {runtime_call counter_overflow Runtime1 stub}
  0x00000241d18fae28: 0000 e8d1 

  0x00000241d18fae2c: ; ImmutableOopMap {[80]=Oop [88]=Oop [72]=Oop }
                      ;*ifeq {reexecute=1 rethrow=0 return_oop=0}
                      ; - (reexecute) java.util.regex.Pattern$StartS::match@99 (line 3661)
  0x00000241d18fae2c: 02c0 fee9 | 9cfa ffff 

  0x00000241d18fae34: ;   {metadata({method} {0x000000080032e990} 'match' '(Ljava/util/regex/Matcher;ILjava/lang/CharSequence;)Z' in 'java/util/regex/Pattern$StartS')}
  0x00000241d18fae34: 49ba 88e9 | 3200 0800 | 0000 4c89 | 5424 0848 | c704 246d 

  0x00000241d18fae48: ;   {runtime_call counter_overflow Runtime1 stub}
  0x00000241d18fae48: 0000 00e8 

  0x00000241d18fae4c: ; ImmutableOopMap {[80]=Oop [88]=Oop [72]=Oop }
                      ;*if_icmpge {reexecute=1 rethrow=0 return_oop=0}
                      ; - (reexecute) java.util.regex.Pattern$StartS::match@109 (line 3662)
  0x00000241d18fae4c: b002 c0fe | e9be fbff 

  0x00000241d18fae54: ;   {metadata({method} {0x000000080002bec0} 'isLowSurrogate' '(C)Z' in 'java/lang/Character')}
  0x00000241d18fae54: ff49 bab8 | be02 0008 | 0000 004c | 8954 2408 | 48c7 0424 | ffff ffff 

  0x00000241d18fae6c: ;   {runtime_call counter_overflow Runtime1 stub}
  0x00000241d18fae6c: e88f 02c0 

  0x00000241d18fae70: ; ImmutableOopMap {[80]=Oop [88]=Oop [72]=Oop }
                      ;*synchronization entry
                      ; - java.lang.Character::isLowSurrogate@-1 (line 8798)
                      ; - java.util.regex.Pattern$StartS::match@119 (line 3663)
  0x00000241d18fae70: fee9 d0fc 

  0x00000241d18fae74: ;   {metadata({method} {0x000000080032e990} 'match' '(Ljava/util/regex/Matcher;ILjava/lang/CharSequence;)Z' in 'java/util/regex/Pattern$StartS')}
  0x00000241d18fae74: ffff 49ba | 88e9 3200 | 0800 0000 | 4c89 5424 | 0848 c704 | 247a 0000 

  0x00000241d18fae8c: ;   {runtime_call counter_overflow Runtime1 stub}
  0x00000241d18fae8c: 00e8 6e02 

  0x00000241d18fae90: ; ImmutableOopMap {[80]=Oop [88]=Oop [72]=Oop }
                      ;*ifeq {reexecute=1 rethrow=0 return_oop=0}
                      ; - (reexecute) java.util.regex.Pattern$StartS::match@122 (line 3663)
  0x00000241d18fae90: c0fe e991 

  0x00000241d18fae94: ;   {metadata({method} {0x000000080032e990} 'match' '(Ljava/util/regex/Matcher;ILjava/lang/CharSequence;)Z' in 'java/util/regex/Pattern$StartS')}
  0x00000241d18fae94: fdff ff49 | ba88 e932 | 0008 0000 | 004c 8954 | 2408 48c7 | 0424 8000 

  0x00000241d18faeac: ;   {runtime_call counter_overflow Runtime1 stub}
  0x00000241d18faeac: 0000 e84d 

  0x00000241d18faeb0: ; ImmutableOopMap {[80]=Oop [88]=Oop [72]=Oop }
                      ;*goto {reexecute=1 rethrow=0 return_oop=0}
                      ; - (reexecute) java.util.regex.Pattern$StartS::match@128 (line 3664)
  0x00000241d18faeb0: 02c0 fee9 | 38fe ffff 

  0x00000241d18faeb8: ;   {internal_word}
  0x00000241d18faeb8: 49ba 49ad | 8fd1 4102 | 0000 4d89 | 9750 0300 

  0x00000241d18faec8: ;   {runtime_call SafepointBlob}
  0x00000241d18faec8: 00e9 3285 

  0x00000241d18faecc: ;   {runtime_call throw_null_pointer_exception Runtime1 stub}
  0x00000241d18faecc: b5fe e84d 

  0x00000241d18faed0: ; ImmutableOopMap {r8=Oop [88]=Oop rax=Oop }
                      ;*iastore {reexecute=0 rethrow=0 return_oop=0}
                      ; - java.util.regex.Pattern$StartS::match@64 (line 3653)
                      ;   {runtime_call throw_null_pointer_exception Runtime1 stub}
  0x00000241d18faed0: a8bf fee8 

  0x00000241d18faed4: ; ImmutableOopMap {r8=Oop [88]=Oop rax=Oop }
                      ;*iastore {reexecute=0 rethrow=0 return_oop=0}
                      ; - java.util.regex.Pattern$StartS::match@64 (line 3653)
  0x00000241d18faed4: 48a8 bffe | 48c7 0424 | 0000 0000 | 4889 4424 

  0x00000241d18faee4: ;   {runtime_call throw_range_check_failed Runtime1 stub}
  0x00000241d18faee4: 08e8 369f 

  0x00000241d18faee8: ; ImmutableOopMap {r8=Oop [88]=Oop rax=Oop }
                      ;*iastore {reexecute=0 rethrow=0 return_oop=0}
                      ; - java.util.regex.Pattern$StartS::match@64 (line 3653)
  0x00000241d18faee8: bffe 48c7 | 0424 0100 | 0000 4889 

  0x00000241d18faef4: ;   {runtime_call throw_range_check_failed Runtime1 stub}
  0x00000241d18faef4: 4424 08e8 

  0x00000241d18faef8: ; ImmutableOopMap {rax=Oop }
                      ;*iastore {reexecute=0 rethrow=0 return_oop=0}
                      ; - java.util.regex.Pattern$StartS::match@74 (line 3654)
  0x00000241d18faef8: 249f bffe 

  0x00000241d18faefc: ;   {internal_word}
  0x00000241d18faefc: 49ba 97ad | 8fd1 4102 | 0000 4d89 | 9750 0300 

  0x00000241d18faf0c: ;   {runtime_call SafepointBlob}
  0x00000241d18faf0c: 00e9 ee84 

  0x00000241d18faf10: ;   {internal_word}
  0x00000241d18faf10: b5fe 49ba | b4ad 8fd1 | 4102 0000 | 4d89 9750 

  0x00000241d18faf20: ;   {runtime_call SafepointBlob}
  0x00000241d18faf20: 0300 00e9 | d884 b5fe | 9090 498b | 87c8 0300 | 0049 c787 | c803 0000 | 0000 0000 | 49c7 87d0 
  0x00000241d18faf40: 0300 0000 | 0000 0048 | 83c4 705d 

  0x00000241d18faf4c: ;   {runtime_call unwind_exception Runtime1 stub}
  0x00000241d18faf4c: e92f c8b6 | fef4 f4f4 | f4f4 f4f4 | f4f4 f4f4 | f4f4 f4f4 
[Stub Code]
  0x00000241d18faf60: ;   {no_reloc}
  0x00000241d18faf60: 0f1f 4400 

  0x00000241d18faf64: ;   {static_stub}
  0x00000241d18faf64: 0048 bb00 | 0000 0000 

  0x00000241d18faf6c: ;   {runtime_call}
  0x00000241d18faf6c: 0000 00e9 | fbff ffff 

  0x00000241d18faf74: ;   {static_stub}
  0x00000241d18faf74: 9048 bb00 | 0000 0000 

  0x00000241d18faf7c: ;   {runtime_call}
  0x00000241d18faf7c: 0000 00e9 | fbff ffff 

  0x00000241d18faf84: ;   {static_stub}
  0x00000241d18faf84: 9048 bb00 | 0000 0000 

  0x00000241d18faf8c: ;   {runtime_call}
  0x00000241d18faf8c: 0000 00e9 | fbff ffff 

  0x00000241d18faf94: ;   {static_stub}
  0x00000241d18faf94: 9048 bb00 | 0000 0000 

  0x00000241d18faf9c: ;   {runtime_call}
  0x00000241d18faf9c: 0000 00e9 | fbff ffff 
[Exception Handler]
  0x00000241d18fafa4: ;   {runtime_call handle_exception_from_callee Runtime1 stub}
  0x00000241d18fafa4: e857 cebf 

  0x00000241d18fafa8: ;   {external_word}
  0x00000241d18fafa8: fe48 b9a0 | 30d0 12fe | 7f00 0048 

  0x00000241d18fafb4: ;   {runtime_call}
  0x00000241d18fafb4: 83e4 f049 | bab0 ce9d | 12fe 7f00 | 0041 ffd2 

  0x00000241d18fafc4: ;   {section_word}
  0x00000241d18fafc4: f449 bac5 | af8f d141 | 0200 0041 

  0x00000241d18fafd0: ;   {runtime_call DeoptimizationBlob}
  0x00000241d18fafd0: 52e9 ca76 | b5fe f4f4 
[/MachCode]


---------------  P R O C E S S  ---------------

Threads class SMR info:
_java_thread_list=0x00000241f6f500e0, length=29, elements={
0x00000241c7317080, 0x00000241ecb7d090, 0x00000241ecb7ef80, 0x00000241ecb981b0,
0x00000241ecb98a60, 0x00000241ecb99a10, 0x00000241ecb9a3b0, 0x00000241ecb9bd60,
0x00000241ecba8410, 0x00000241ecbab120, 0x00000241f0d843a0, 0x00000241ecb620a0,
0x00000241ecb625a0, 0x00000241f0fc9c50, 0x00000241f12fb790, 0x00000241f153fd50,
0x00000241f3b76100, 0x00000241f3b76aa0, 0x00000241f3b77440, 0x00000241f3dd9bf0,
0x00000241f24858d0, 0x00000241f3b75760, 0x00000241f3b78c50, 0x00000241f3b75c30,
0x00000241f44bb6e0, 0x00000241f1573100, 0x00000241f7714480, 0x00000241f4651820,
0x00000241f77c0f30
}

Java Threads: ( => current thread )
=>0x00000241c7317080 JavaThread "main" [_thread_in_Java, id=8252, stack(0x000000f4e6800000,0x000000f4e6900000)]
  0x00000241ecb7d090 JavaThread "Reference Handler" daemon [_thread_blocked, id=8968, stack(0x000000f4e6f00000,0x000000f4e7000000)]
  0x00000241ecb7ef80 JavaThread "Finalizer" daemon [_thread_blocked, id=3960, stack(0x000000f4e7000000,0x000000f4e7100000)]
  0x00000241ecb981b0 JavaThread "Signal Dispatcher" daemon [_thread_blocked, id=19656, stack(0x000000f4e7100000,0x000000f4e7200000)]
  0x00000241ecb98a60 JavaThread "Attach Listener" daemon [_thread_blocked, id=9940, stack(0x000000f4e7200000,0x000000f4e7300000)]
  0x00000241ecb99a10 JavaThread "Service Thread" daemon [_thread_blocked, id=2880, stack(0x000000f4e7300000,0x000000f4e7400000)]
  0x00000241ecb9a3b0 JavaThread "Monitor Deflation Thread" daemon [_thread_blocked, id=9736, stack(0x000000f4e7400000,0x000000f4e7500000)]
  0x00000241ecb9bd60 JavaThread "C2 CompilerThread0" daemon [_thread_blocked, id=2168, stack(0x000000f4e7500000,0x000000f4e7600000)]
  0x00000241ecba8410 JavaThread "C1 CompilerThread0" daemon [_thread_blocked, id=11804, stack(0x000000f4e7600000,0x000000f4e7700000)]
  0x00000241ecbab120 JavaThread "Sweeper thread" daemon [_thread_blocked, id=16544, stack(0x000000f4e7700000,0x000000f4e7800000)]
  0x00000241f0d843a0 JavaThread "Common-Cleaner" daemon [_thread_blocked, id=19732, stack(0x000000f4e7800000,0x000000f4e7900000)]
  0x00000241ecb620a0 JavaThread "C1 CompilerThread1" daemon [_thread_blocked, id=19772, stack(0x000000f4e7900000,0x000000f4e7a00000)]
  0x00000241ecb625a0 JavaThread "C1 CompilerThread2" daemon [_thread_blocked, id=16576, stack(0x000000f4e7a00000,0x000000f4e7b00000)]
  0x00000241f0fc9c50 JavaThread "Monitor Ctrl-Break" daemon [_thread_in_native, id=12412, stack(0x000000f4e7c00000,0x000000f4e7d00000)]
  0x00000241f12fb790 JavaThread "Notification Thread" daemon [_thread_blocked, id=18564, stack(0x000000f4e7d00000,0x000000f4e7e00000)]
  0x00000241f153fd50 JavaThread "C1 CompilerThread3" daemon [_thread_blocked, id=4464, stack(0x000000f4e7f00000,0x000000f4e8000000)]
  0x00000241f3b76100 JavaThread "mysql-cj-abandoned-connection-cleanup" daemon [_thread_blocked, id=6672, stack(0x000000f4e9000000,0x000000f4e9100000)]
  0x00000241f3b76aa0 JavaThread "HikariPool-1 housekeeper" daemon [_thread_blocked, id=7024, stack(0x000000f4e9300000,0x000000f4e9400000)]
  0x00000241f3b77440 JavaThread "HikariPool-1 connection adder" daemon [_thread_blocked, id=2804, stack(0x000000f4e9400000,0x000000f4e9500000)]
  0x00000241f3dd9bf0 JavaThread "C2 CompilerThread1" daemon [_thread_blocked, id=10700, stack(0x000000f4e7b00000,0x000000f4e7c00000)]
  0x00000241f24858d0 JavaThread "C2 CompilerThread2" daemon [_thread_blocked, id=10404, stack(0x000000f4e8000000,0x000000f4e8100000)]
  0x00000241f3b75760 JavaThread "Catalina-utility-1" [_thread_blocked, id=12868, stack(0x000000f4e8f00000,0x000000f4e9000000)]
  0x00000241f3b78c50 JavaThread "Catalina-utility-2" [_thread_blocked, id=16212, stack(0x000000f4e9100000,0x000000f4e9200000)]
  0x00000241f3b75c30 JavaThread "container-0" [_thread_blocked, id=5288, stack(0x000000f4e9500000,0x000000f4e9600000)]
  0x00000241f44bb6e0 JavaThread "C2 CompilerThread3" daemon [_thread_blocked, id=9712, stack(0x000000f4e9600000,0x000000f4e9700000)]
  0x00000241f1573100 JavaThread "C2 CompilerThread4" daemon [_thread_blocked, id=15328, stack(0x000000f4e9700000,0x000000f4e9800000)]
  0x00000241f7714480 JavaThread "C2 CompilerThread5" daemon [_thread_blocked, id=12348, stack(0x000000f4e9800000,0x000000f4e9900000)]
  0x00000241f4651820 JavaThread "C2 CompilerThread6" daemon [_thread_blocked, id=3764, stack(0x000000f4e9900000,0x000000f4e9a00000)]
  0x00000241f77c0f30 JavaThread "C2 CompilerThread7" daemon [_thread_blocked, id=6972, stack(0x000000f4e9a00000,0x000000f4e9b00000)]

Other Threads:
  0x00000241ecb75cf0 VMThread "VM Thread" [stack: 0x000000f4e6e00000,0x000000f4e6f00000] [id=9392] _threads_hazard_ptr=0x00000241f6f500e0
  0x00000241f12fbc50 WatcherThread "VM Periodic Task Thread" [stack: 0x000000f4e7e00000,0x000000f4e7f00000] [id=12632]
  0x00000241c73877a0 WorkerThread "GC Thread#0" [stack: 0x000000f4e6900000,0x000000f4e6a00000] [id=19652]
  0x00000241f1b60200 WorkerThread "GC Thread#1" [stack: 0x000000f4e8100000,0x000000f4e8200000] [id=12332]
  0x00000241f1b604a0 WorkerThread "GC Thread#2" [stack: 0x000000f4e8200000,0x000000f4e8300000] [id=14164]
  0x00000241f1b60740 WorkerThread "GC Thread#3" [stack: 0x000000f4e8300000,0x000000f4e8400000] [id=3744]
  0x00000241f1b609e0 WorkerThread "GC Thread#4" [stack: 0x000000f4e8400000,0x000000f4e8500000] [id=17132]
  0x00000241f1d454d0 WorkerThread "GC Thread#5" [stack: 0x000000f4e8500000,0x000000f4e8600000] [id=11220]
  0x00000241f1b86130 WorkerThread "GC Thread#6" [stack: 0x000000f4e8600000,0x000000f4e8700000] [id=19300]
  0x00000241f1bd6a40 WorkerThread "GC Thread#7" [stack: 0x000000f4e8800000,0x000000f4e8900000] [id=7396]
  0x00000241f228ec70 WorkerThread "GC Thread#8" [stack: 0x000000f4e8900000,0x000000f4e8a00000] [id=13824]
  0x00000241f22b69e0 WorkerThread "GC Thread#9" [stack: 0x000000f4e8a00000,0x000000f4e8b00000] [id=11120]
  0x00000241f22b79a0 WorkerThread "GC Thread#10" [stack: 0x000000f4e8700000,0x000000f4e8800000] [id=17456]
  0x00000241f22b8180 WorkerThread "GC Thread#11" [stack: 0x000000f4e8b00000,0x000000f4e8c00000] [id=8924]
  0x00000241f22b8420 WorkerThread "GC Thread#12" [stack: 0x000000f4e8c00000,0x000000f4e8d00000] [id=12940]
  0x00000241c70ddfb0 ConcurrentGCThread "G1 Main Marker" [stack: 0x000000f4e6a00000,0x000000f4e6b00000] [id=2432]
  0x00000241c70de9a0 WorkerThread "G1 Conc#0" [stack: 0x000000f4e6b00000,0x000000f4e6c00000] [id=20180]
  0x00000241f22b6f20 WorkerThread "G1 Conc#1" [stack: 0x000000f4e8d00000,0x000000f4e8e00000] [id=5580]
  0x00000241f22b6c80 WorkerThread "G1 Conc#2" [stack: 0x000000f4e8e00000,0x000000f4e8f00000] [id=11860]
  0x00000241c73ced00 ConcurrentGCThread "G1 Refine#0" [stack: 0x000000f4e6c00000,0x000000f4e6d00000] [id=6424]
  0x00000241eca2cd60 ConcurrentGCThread "G1 Service" [stack: 0x000000f4e6d00000,0x000000f4e6e00000] [id=11156]

Threads with active compile tasks:

VM state: synchronizing (normal execution)

VM Mutex/Monitor currently owned by a thread:  ([mutex/lock_event])
[0x00000241c7311100] Threads_lock - owner thread: 0x00000241ecb75cf0

Heap address: 0x0000000700c00000, size: 4084 MB, Compressed Oops mode: Zero based, Oop shift amount: 3

CDS archive(s) mapped at: [0x0000000800000000-0x0000000800ba0000-0x0000000800ba0000), size 12189696, SharedBaseAddress: 0x0000000800000000, ArchiveRelocationMode: 0.
Compressed class space mapped at: 0x0000000800c00000-0x0000000840c00000, reserved size: 1073741824
Narrow klass base: 0x0000000800000000, Narrow klass shift: 0, Narrow klass range: 0x100000000

GC Precious Log:
 CardTable entry size: 512
 Card Set container configuration: InlinePtr #cards 4 size 8 Array Of Cards #cards 16 size 48 Howl #buckets 8 coarsen threshold 3686 Howl Bitmap #cards 512 size 80 coarsen threshold 460 Card regions per heap region 1 cards per card region 4096
 CPUs: 16 total, 16 available
 Memory: 16335M
 Large Page Support: Disabled
 NUMA Support: Disabled
 Compressed Oops: Enabled (Zero based)
 Heap Region Size: 2M
 Heap Min Capacity: 8M
 Heap Initial Capacity: 256M
 Heap Max Capacity: 4084M
 Pre-touch: Disabled
 Parallel Workers: 13
 Concurrent Workers: 3
 Concurrent Refinement Workers: 13
 Periodic GC: Disabled

Heap:
 garbage-first heap   total 81920K, used 40574K [0x0000000700c00000, 0x0000000800000000)
  region size 2048K, 9 young (18432K), 2 survivors (4096K)
 Metaspace       used 59507K, committed 59968K, reserved 1114112K
  class space    used 7778K, committed 8000K, reserved 1048576K

Heap Regions: E=young(eden), S=young(survivor), O=old, HS=humongous(starts), HC=humongous(continues), CS=collection set, F=free, OA=open archive, CA=closed archive, TAMS=top-at-mark-start (previous, next)
|   0|0x0000000700c00000, 0x0000000700e00000, 0x0000000700e00000|100%| O|  |TAMS 0x0000000700e00000, 0x0000000700c00000| Untracked 
|   1|0x0000000700e00000, 0x0000000701000000, 0x0000000701000000|100%| O|  |TAMS 0x0000000701000000, 0x0000000700e00000| Untracked 
|   2|0x0000000701000000, 0x0000000701200000, 0x0000000701200000|100%| O|  |TAMS 0x0000000701200000, 0x0000000701000000| Untracked 
|   3|0x0000000701200000, 0x000000070135cc00, 0x0000000701400000| 68%| O|  |TAMS 0x000000070135cc00, 0x0000000701200000| Untracked 
|   4|0x0000000701400000, 0x0000000701600000, 0x0000000701600000|100%| O|  |TAMS 0x0000000701600000, 0x0000000701400000| Untracked 
|   5|0x0000000701600000, 0x0000000701800000, 0x0000000701800000|100%| O|  |TAMS 0x0000000701800000, 0x0000000701600000| Untracked 
|   6|0x0000000701800000, 0x0000000701a00000, 0x0000000701a00000|100%| O|  |TAMS 0x0000000701a00000, 0x0000000701800000| Untracked 
|   7|0x0000000701a00000, 0x0000000701c00000, 0x0000000701c00000|100%| O|  |TAMS 0x0000000701c00000, 0x0000000701a00000| Untracked 
|   8|0x0000000701c00000, 0x0000000701e00000, 0x0000000701e00000|100%| O|  |TAMS 0x0000000701e00000, 0x0000000701c00000| Untracked 
|   9|0x0000000701e00000, 0x0000000701f20a00, 0x0000000702000000| 56%| O|  |TAMS 0x0000000701f20a00, 0x0000000701e00000| Untracked 
|  10|0x0000000702000000, 0x0000000702200000, 0x0000000702200000|100%| O|  |TAMS 0x0000000702000000, 0x0000000702000000| Untracked 
|  11|0x0000000702200000, 0x0000000702400000, 0x0000000702400000|100%| O|  |TAMS 0x0000000702200000, 0x0000000702200000| Untracked 
|  12|0x0000000702400000, 0x000000070255d000, 0x0000000702600000| 68%| O|  |TAMS 0x0000000702400000, 0x0000000702400000| Untracked 
|  13|0x0000000702600000, 0x0000000702600000, 0x0000000702800000|  0%| F|  |TAMS 0x0000000702600000, 0x0000000702600000| Untracked 
|  14|0x0000000702800000, 0x0000000702800000, 0x0000000702a00000|  0%| F|  |TAMS 0x0000000702800000, 0x0000000702800000| Untracked 
|  15|0x0000000702a00000, 0x0000000702a00000, 0x0000000702c00000|  0%| F|  |TAMS 0x0000000702a00000, 0x0000000702a00000| Untracked 
|  16|0x0000000702c00000, 0x0000000702c00000, 0x0000000702e00000|  0%| F|  |TAMS 0x0000000702c00000, 0x0000000702c00000| Untracked 
|  17|0x0000000702e00000, 0x0000000702e00000, 0x0000000703000000|  0%| F|  |TAMS 0x0000000702e00000, 0x0000000702e00000| Untracked 
|  18|0x0000000703000000, 0x0000000703000000, 0x0000000703200000|  0%| F|  |TAMS 0x0000000703000000, 0x0000000703000000| Untracked 
|  19|0x0000000703200000, 0x0000000703200000, 0x0000000703400000|  0%| F|  |TAMS 0x0000000703200000, 0x0000000703200000| Untracked 
|  20|0x0000000703400000, 0x00000007035c55c0, 0x0000000703600000| 88%| S|CS|TAMS 0x0000000703400000, 0x0000000703400000| Complete 
|  21|0x0000000703600000, 0x0000000703600000, 0x0000000703800000|  0%| F|  |TAMS 0x0000000703600000, 0x0000000703600000| Untracked 
|  22|0x0000000703800000, 0x0000000703a00000, 0x0000000703a00000|100%| S|CS|TAMS 0x0000000703800000, 0x0000000703800000| Complete 
|  23|0x0000000703a00000, 0x0000000703a00000, 0x0000000703c00000|  0%| F|  |TAMS 0x0000000703a00000, 0x0000000703a00000| Untracked 
|  24|0x0000000703c00000, 0x0000000703c00000, 0x0000000703e00000|  0%| F|  |TAMS 0x0000000703c00000, 0x0000000703c00000| Untracked 
|  25|0x0000000703e00000, 0x0000000703e00000, 0x0000000704000000|  0%| F|  |TAMS 0x0000000703e00000, 0x0000000703e00000| Untracked 
|  26|0x0000000704000000, 0x0000000704000000, 0x0000000704200000|  0%| F|  |TAMS 0x0000000704000000, 0x0000000704000000| Untracked 
|  27|0x0000000704200000, 0x0000000704200000, 0x0000000704400000|  0%| F|  |TAMS 0x0000000704200000, 0x0000000704200000| Untracked 
|  28|0x0000000704400000, 0x0000000704400000, 0x0000000704600000|  0%| F|  |TAMS 0x0000000704400000, 0x0000000704400000| Untracked 
|  29|0x0000000704600000, 0x0000000704600000, 0x0000000704800000|  0%| F|  |TAMS 0x0000000704600000, 0x0000000704600000| Untracked 
|  30|0x0000000704800000, 0x0000000704800000, 0x0000000704a00000|  0%| F|  |TAMS 0x0000000704800000, 0x0000000704800000| Untracked 
|  31|0x0000000704a00000, 0x0000000704a00000, 0x0000000704c00000|  0%| F|  |TAMS 0x0000000704a00000, 0x0000000704a00000| Untracked 
|  32|0x0000000704c00000, 0x0000000704c00000, 0x0000000704e00000|  0%| F|  |TAMS 0x0000000704c00000, 0x0000000704c00000| Untracked 
|  33|0x0000000704e00000, 0x0000000704fcdf68, 0x0000000705000000| 90%| E|  |TAMS 0x0000000704e00000, 0x0000000704e00000| Complete 
|  34|0x0000000705000000, 0x0000000705200000, 0x0000000705200000|100%| E|CS|TAMS 0x0000000705000000, 0x0000000705000000| Complete 
|  35|0x0000000705200000, 0x0000000705400000, 0x0000000705400000|100%| E|CS|TAMS 0x0000000705200000, 0x0000000705200000| Complete 
|  36|0x0000000705400000, 0x0000000705600000, 0x0000000705600000|100%| E|CS|TAMS 0x0000000705400000, 0x0000000705400000| Complete 
|  37|0x0000000705600000, 0x0000000705800000, 0x0000000705800000|100%| E|CS|TAMS 0x0000000705600000, 0x0000000705600000| Complete 
|  72|0x0000000709c00000, 0x0000000709e00000, 0x0000000709e00000|100%| E|CS|TAMS 0x0000000709c00000, 0x0000000709c00000| Complete 
| 127|0x0000000710a00000, 0x0000000710c00000, 0x0000000710c00000|100%| E|CS|TAMS 0x0000000710a00000, 0x0000000710a00000| Complete 

Card table byte_map: [0x00000241e0bc0000,0x00000241e13c0000] _byte_map_base: 0x00000241dd3ba000

Marking Bits (Prev, Next): (CMBitMap*) 0x00000241c7388db0, (CMBitMap*) 0x00000241c7388df0
 Prev Bits: [0x00000241e1bc0000, 0x00000241e5b90000)
 Next Bits: [0x00000241e5b90000, 0x00000241e9b60000)

Polling page: 0x00000241c73d0000

Metaspace:

Usage:
  Non-class:     50.52 MB used.
      Class:      7.60 MB used.
       Both:     58.11 MB used.

Virtual space:
  Non-class space:       64.00 MB reserved,      50.75 MB ( 79%) committed,  1 nodes.
      Class space:        1.00 GB reserved,       7.81 MB ( <1%) committed,  1 nodes.
             Both:        1.06 GB reserved,      58.56 MB (  5%) committed. 

Chunk freelists:
   Non-Class:  608.00 KB
       Class:  80.00 KB
        Both:  688.00 KB

MaxMetaspaceSize: unlimited
CompressedClassSpaceSize: 1.00 GB
Initial GC threshold: 21.00 MB
Current GC threshold: 58.75 MB
CDS: on
MetaspaceReclaimPolicy: balanced
 - commit_granule_bytes: 65536.
 - commit_granule_words: 8192.
 - virtual_space_node_default_size: 8388608.
 - enlarge_chunks_in_place: 1.
 - new_chunks_are_fully_committed: 0.
 - uncommit_free_chunks: 1.
 - use_allocation_guard: 0.


Internal statistics:

num_allocs_failed_limit: 6.
num_arena_births: 482.
num_arena_deaths: 0.
num_vsnodes_births: 2.
num_vsnodes_deaths: 0.
num_space_committed: 937.
num_space_uncommitted: 0.
num_chunks_returned_to_freelist: 6.
num_chunks_taken_from_freelist: 2469.
num_chunk_merges: 6.
num_chunk_splits: 1807.
num_chunks_enlarged: 1502.
num_inconsistent_stats: 0.

CodeHeap 'non-profiled nmethods': size=119168Kb used=4488Kb max_used=4488Kb free=114679Kb
 bounds [0x00000241d7fa0000, 0x00000241d8410000, 0x00000241df400000]
CodeHeap 'profiled nmethods': size=119104Kb used=13992Kb max_used=13992Kb free=105111Kb
 bounds [0x00000241d0b50000, 0x00000241d1900000, 0x00000241d7fa0000]
CodeHeap 'non-nmethods': size=7488Kb used=3025Kb max_used=3097Kb free=4462Kb
 bounds [0x00000241d0400000, 0x00000241d0720000, 0x00000241d0b50000]
 total_blobs=7271 nmethods=6618 adapters=562
 compilation: enabled
              stopped_count=0, restarted_count=0
 full_count=0

Compilation events (20 events):
Event: 7.578 Thread 0x00000241f1573100 nmethod 7308 0x00000241d83cc090 code [0x00000241d83cc220, 0x00000241d83cc348]
Event: 7.578 Thread 0x00000241f1573100 7239       4       org.springframework.data.util.Streamable::stream (11 bytes)
Event: 7.580 Thread 0x00000241f77c0f30 nmethod 7228 0x00000241d83cc490 code [0x00000241d83cc640, 0x00000241d83cc938]
Event: 7.581 Thread 0x00000241f77c0f30 7270       4       java.util.Arrays::asList (9 bytes)
Event: 7.583 Thread 0x00000241f77c0f30 nmethod 7270 0x00000241d83ccb10 code [0x00000241d83ccca0, 0x00000241d83ccdf8]
Event: 7.583 Thread 0x00000241f77c0f30 7240       4       org.springframework.core.annotation.AnnotationUtils::findAnnotation (70 bytes)
Event: 7.585 Thread 0x00000241f1573100 nmethod 7239 0x00000241d83ccf10 code [0x00000241d83cd0c0, 0x00000241d83cd638]
Event: 7.586 Thread 0x00000241f1573100 7235       4       org.springframework.data.repository.core.support.MethodLookups$$Lambda$985/0x0000000801395000::getLookups (8 bytes)
Event: 7.587 Thread 0x00000241f1573100 nmethod 7235 0x00000241d83cd910 code [0x00000241d83cdaa0, 0x00000241d83cdb78]
Event: 7.587 Thread 0x00000241f1573100 7237       4       org.springframework.data.repository.core.support.MethodLookups$RepositoryAwareMethodLookup::getLookups (12 bytes)
Event: 7.588 Thread 0x00000241f1573100 nmethod 7237 0x00000241d83cdc90 code [0x00000241d83cde20, 0x00000241d83cdf78]
Event: 7.588 Thread 0x00000241f1573100 7241       4       org.springframework.data.repository.core.support.RepositoryComposition$$Lambda$997/0x000000080139cca8::apply (12 bytes)
Event: 7.593 Thread 0x00000241f44bb6e0 nmethod 7234 0x00000241d83ce090 code [0x00000241d83ce400, 0x00000241d83d0708]
Event: 7.612 Thread 0x00000241f77c0f30 nmethod 7240 0x00000241d83d2b10 code [0x00000241d83d2d60, 0x00000241d83d3a90]
Event: 7.628 Thread 0x00000241f7714480 nmethod 7284 0x00000241d83d4510 code [0x00000241d83d4900, 0x00000241d83d6ec8]
Event: 7.640 Thread 0x00000241f3dd9bf0 nmethod 7197 0x00000241d83d8d10 code [0x00000241d83d92c0, 0x00000241d83ddc58]
Event: 7.648 Thread 0x00000241f1573100 nmethod 7241 0x00000241d83e1a10 code [0x00000241d83e1ce0, 0x00000241d83e3548]
Event: 7.655 Thread 0x00000241f24858d0 nmethod 7196 0x00000241d83e5390 code [0x00000241d83e5900, 0x00000241d83e9808]
Event: 7.662 Thread 0x00000241ecb9bd60 nmethod 7225 0x00000241d83ece10 code [0x00000241d83ed3a0, 0x00000241d83f1898]
Event: 7.668 Thread 0x00000241f4651820 nmethod 7036% 0x00000241d83f5310 code [0x00000241d83f5c00, 0x00000241d83fd1c0]

GC Heap History (20 events):
Event: 1.044 GC heap before
{Heap before GC invocations=1 (full 0):
 garbage-first heap   total 262144K, used 29746K [0x0000000700c00000, 0x0000000800000000)
  region size 2048K, 13 young (26624K), 2 survivors (4096K)
 Metaspace       used 11065K, committed 11328K, reserved 1114112K
  class space    used 1363K, committed 1472K, reserved 1048576K
}
Event: 1.049 GC heap after
{Heap after GC invocations=2 (full 0):
 garbage-first heap   total 262144K, used 9264K [0x0000000700c00000, 0x0000000800000000)
  region size 2048K, 1 young (2048K), 1 survivors (2048K)
 Metaspace       used 11065K, committed 11328K, reserved 1114112K
  class space    used 1363K, committed 1472K, reserved 1048576K
}
Event: 2.866 GC heap before
{Heap before GC invocations=2 (full 0):
 garbage-first heap   total 262144K, used 68656K [0x0000000700c00000, 0x0000000800000000)
  region size 2048K, 31 young (63488K), 1 survivors (2048K)
 Metaspace       used 20245K, committed 20480K, reserved 1114112K
  class space    used 2484K, committed 2624K, reserved 1048576K
}
Event: 2.871 GC heap after
{Heap after GC invocations=3 (full 0):
 garbage-first heap   total 262144K, used 13797K [0x0000000700c00000, 0x0000000800000000)
  region size 2048K, 4 young (8192K), 4 survivors (8192K)
 Metaspace       used 20245K, committed 20480K, reserved 1114112K
  class space    used 2484K, committed 2624K, reserved 1048576K
}
Event: 3.012 GC heap before
{Heap before GC invocations=3 (full 0):
 garbage-first heap   total 262144K, used 28133K [0x0000000700c00000, 0x0000000800000000)
  region size 2048K, 12 young (24576K), 4 survivors (8192K)
 Metaspace       used 21246K, committed 21504K, reserved 1114112K
  class space    used 2590K, committed 2752K, reserved 1048576K
}
Event: 3.016 GC heap after
{Heap after GC invocations=4 (full 0):
 garbage-first heap   total 262144K, used 14336K [0x0000000700c00000, 0x0000000800000000)
  region size 2048K, 4 young (8192K), 4 survivors (8192K)
 Metaspace       used 21246K, committed 21504K, reserved 1114112K
  class space    used 2590K, committed 2752K, reserved 1048576K
}
Event: 3.579 GC heap before
{Heap before GC invocations=5 (full 0):
 garbage-first heap   total 61440K, used 43008K [0x0000000700c00000, 0x0000000800000000)
  region size 2048K, 18 young (36864K), 4 survivors (8192K)
 Metaspace       used 25360K, committed 25664K, reserved 1114112K
  class space    used 3131K, committed 3264K, reserved 1048576K
}
Event: 3.587 GC heap after
{Heap after GC invocations=6 (full 0):
 garbage-first heap   total 61440K, used 15870K [0x0000000700c00000, 0x0000000800000000)
  region size 2048K, 2 young (4096K), 2 survivors (4096K)
 Metaspace       used 25360K, committed 25664K, reserved 1114112K
  class space    used 3131K, committed 3264K, reserved 1048576K
}
Event: 4.120 GC heap before
{Heap before GC invocations=6 (full 0):
 garbage-first heap   total 61440K, used 40446K [0x0000000700c00000, 0x0000000800000000)
  region size 2048K, 14 young (28672K), 2 survivors (4096K)
 Metaspace       used 30492K, committed 30848K, reserved 1114112K
  class space    used 3808K, committed 3968K, reserved 1048576K
}
Event: 4.127 GC heap after
{Heap after GC invocations=7 (full 0):
 garbage-first heap   total 61440K, used 18812K [0x0000000700c00000, 0x0000000800000000)
  region size 2048K, 2 young (4096K), 2 survivors (4096K)
 Metaspace       used 30492K, committed 30848K, reserved 1114112K
  class space    used 3808K, committed 3968K, reserved 1048576K
}
Event: 4.513 GC heap before
{Heap before GC invocations=7 (full 0):
 garbage-first heap   total 61440K, used 43388K [0x0000000700c00000, 0x0000000800000000)
  region size 2048K, 14 young (28672K), 2 survivors (4096K)
 Metaspace       used 32780K, committed 33088K, reserved 1114112K
  class space    used 4098K, committed 4224K, reserved 1048576K
}
Event: 4.524 GC heap after
{Heap after GC invocations=8 (full 0):
 garbage-first heap   total 161792K, used 20898K [0x0000000700c00000, 0x0000000800000000)
  region size 2048K, 1 young (2048K), 1 survivors (2048K)
 Metaspace       used 32780K, committed 33088K, reserved 1114112K
  class space    used 4098K, committed 4224K, reserved 1048576K
}
Event: 4.771 GC heap before
{Heap before GC invocations=8 (full 0):
 garbage-first heap   total 161792K, used 31138K [0x0000000700c00000, 0x0000000800000000)
  region size 2048K, 7 young (14336K), 1 survivors (2048K)
 Metaspace       used 35633K, committed 35968K, reserved 1114112K
  class space    used 4548K, committed 4672K, reserved 1048576K
}
Event: 4.774 GC heap after
{Heap after GC invocations=9 (full 0):
 garbage-first heap   total 161792K, used 20963K [0x0000000700c00000, 0x0000000800000000)
  region size 2048K, 1 young (2048K), 1 survivors (2048K)
 Metaspace       used 35633K, committed 35968K, reserved 1114112K
  class space    used 4548K, committed 4672K, reserved 1048576K
}
Event: 5.876 GC heap before
{Heap before GC invocations=10 (full 0):
 garbage-first heap   total 81920K, used 68067K [0x0000000700c00000, 0x0000000800000000)
  region size 2048K, 24 young (49152K), 1 survivors (2048K)
 Metaspace       used 48990K, committed 49408K, reserved 1114112K
  class space    used 6321K, committed 6528K, reserved 1048576K
}
Event: 5.886 GC heap after
{Heap after GC invocations=11 (full 0):
 garbage-first heap   total 81920K, used 24835K [0x0000000700c00000, 0x0000000800000000)
  region size 2048K, 3 young (6144K), 3 survivors (6144K)
 Metaspace       used 48990K, committed 49408K, reserved 1114112K
  class space    used 6321K, committed 6528K, reserved 1048576K
}
Event: 7.025 GC heap before
{Heap before GC invocations=11 (full 0):
 garbage-first heap   total 81920K, used 61699K [0x0000000700c00000, 0x0000000800000000)
  region size 2048K, 21 young (43008K), 3 survivors (6144K)
 Metaspace       used 56618K, committed 56960K, reserved 1114112K
  class space    used 7391K, committed 7552K, reserved 1048576K
}
Event: 7.036 GC heap after
{Heap after GC invocations=12 (full 0):
 garbage-first heap   total 81920K, used 26473K [0x0000000700c00000, 0x0000000800000000)
  region size 2048K, 1 young (2048K), 1 survivors (2048K)
 Metaspace       used 56618K, committed 56960K, reserved 1114112K
  class space    used 7391K, committed 7552K, reserved 1048576K
}
Event: 7.419 GC heap before
{Heap before GC invocations=12 (full 0):
 garbage-first heap   total 81920K, used 61289K [0x0000000700c00000, 0x0000000800000000)
  region size 2048K, 18 young (36864K), 1 survivors (2048K)
 Metaspace       used 59104K, committed 59520K, reserved 1114112K
  class space    used 7732K, committed 7936K, reserved 1048576K
}
Event: 7.422 GC heap after
{Heap after GC invocations=13 (full 0):
 garbage-first heap   total 81920K, used 28286K [0x0000000700c00000, 0x0000000800000000)
  region size 2048K, 2 young (4096K), 2 survivors (4096K)
 Metaspace       used 59104K, committed 59520K, reserved 1114112K
  class space    used 7732K, committed 7936K, reserved 1048576K
}

Deoptimization events (20 events):
Event: 7.549 Thread 0x00000241c7317080 Uncommon trap: trap_request=0xffffffde fr.pc=0x00000241d818098c relative=0x000000000000042c
Event: 7.549 Thread 0x00000241c7317080 Uncommon trap: reason=class_check action=maybe_recompile pc=0x00000241d818098c method=java.util.regex.Pattern$NotBehind.match(Ljava/util/regex/Matcher;ILjava/lang/CharSequence;)Z @ 125 c2
Event: 7.549 Thread 0x00000241c7317080 DEOPT PACKING pc=0x00000241d818098c sp=0x000000f4e68fbe50
Event: 7.549 Thread 0x00000241c7317080 DEOPT UNPACKING pc=0x00000241d04523a3 sp=0x000000f4e68fbdc8 mode 2
Event: 7.549 Thread 0x00000241c7317080 Uncommon trap: trap_request=0xffffffde fr.pc=0x00000241d818098c relative=0x000000000000042c
Event: 7.549 Thread 0x00000241c7317080 Uncommon trap: reason=class_check action=maybe_recompile pc=0x00000241d818098c method=java.util.regex.Pattern$NotBehind.match(Ljava/util/regex/Matcher;ILjava/lang/CharSequence;)Z @ 125 c2
Event: 7.549 Thread 0x00000241c7317080 DEOPT PACKING pc=0x00000241d818098c sp=0x000000f4e68fbe50
Event: 7.549 Thread 0x00000241c7317080 DEOPT UNPACKING pc=0x00000241d04523a3 sp=0x000000f4e68fbdc8 mode 2
Event: 7.549 Thread 0x00000241c7317080 Uncommon trap: trap_request=0xffffffde fr.pc=0x00000241d818098c relative=0x000000000000042c
Event: 7.549 Thread 0x00000241c7317080 Uncommon trap: reason=class_check action=maybe_recompile pc=0x00000241d818098c method=java.util.regex.Pattern$NotBehind.match(Ljava/util/regex/Matcher;ILjava/lang/CharSequence;)Z @ 125 c2
Event: 7.549 Thread 0x00000241c7317080 DEOPT PACKING pc=0x00000241d818098c sp=0x000000f4e68fbe50
Event: 7.549 Thread 0x00000241c7317080 DEOPT UNPACKING pc=0x00000241d04523a3 sp=0x000000f4e68fbdc8 mode 2
Event: 7.555 Thread 0x00000241c7317080 Uncommon trap: trap_request=0xffffffc6 fr.pc=0x00000241d804c4dc relative=0x000000000000031c
Event: 7.555 Thread 0x00000241c7317080 Uncommon trap: reason=bimorphic_or_optimized_type_check action=maybe_recompile pc=0x00000241d804c4dc method=java.util.regex.Pattern$SliceI.match(Ljava/util/regex/Matcher;ILjava/lang/CharSequence;)Z @ 92 c2
Event: 7.555 Thread 0x00000241c7317080 DEOPT PACKING pc=0x00000241d804c4dc sp=0x000000f4e68fc230
Event: 7.555 Thread 0x00000241c7317080 DEOPT UNPACKING pc=0x00000241d04523a3 sp=0x000000f4e68fc1d8 mode 2
Event: 7.561 Thread 0x00000241c7317080 Uncommon trap: trap_request=0xffffff45 fr.pc=0x00000241d8358328 relative=0x0000000000000208
Event: 7.561 Thread 0x00000241c7317080 Uncommon trap: reason=unstable_if action=reinterpret pc=0x00000241d8358328 method=java.util.regex.Matcher.match(II)Z @ 30 c2
Event: 7.561 Thread 0x00000241c7317080 DEOPT PACKING pc=0x00000241d8358328 sp=0x000000f4e68fc210
Event: 7.561 Thread 0x00000241c7317080 DEOPT UNPACKING pc=0x00000241d04523a3 sp=0x000000f4e68fc198 mode 2

Classes loaded (20 events):
Event: 7.372 Loading class java/lang/ObjectCustomizer
Event: 7.372 Loading class java/lang/ObjectCustomizer done
Event: 7.372 Loading class java/lang/ObjectCustomizer
Event: 7.372 Loading class java/lang/ObjectCustomizer done
Event: 7.404 Loading class java/lang/ObjectCustomizer
Event: 7.404 Loading class java/lang/ObjectCustomizer done
Event: 7.404 Loading class java/lang/ObjectCustomizer
Event: 7.404 Loading class java/lang/ObjectCustomizer done
Event: 7.432 Loading class java/lang/ObjectCustomizer
Event: 7.432 Loading class java/lang/ObjectCustomizer done
Event: 7.432 Loading class java/lang/ObjectCustomizer
Event: 7.432 Loading class java/lang/ObjectCustomizer done
Event: 7.477 Loading class java/lang/ObjectCustomizer
Event: 7.477 Loading class java/lang/ObjectCustomizer done
Event: 7.477 Loading class java/lang/ObjectCustomizer
Event: 7.477 Loading class java/lang/ObjectCustomizer done
Event: 7.516 Loading class java/lang/ObjectCustomizer
Event: 7.516 Loading class java/lang/ObjectCustomizer done
Event: 7.516 Loading class java/lang/ObjectCustomizer
Event: 7.516 Loading class java/lang/ObjectCustomizer done

Classes unloaded (0 events):
No events

Classes redefined (0 events):
No events

Internal exceptions (20 events):
Event: 7.076 Thread 0x00000241c7317080 Exception <a 'java/lang/ClassNotFoundException'{0x0000000709c40440}: com/escola/cadastro/escolar/model/RoleCustomizer> (0x0000000709c40440) 
thrown [t:\workspace\open\src\hotspot\share\classfile\systemDictionary.cpp, line 255]
Event: 7.077 Thread 0x00000241c7317080 Exception <a 'java/lang/ClassNotFoundException'{0x0000000709c4e228}: org/springframework/security/core/GrantedAuthorityCustomizer> (0x0000000709c4e228) 
thrown [t:\workspace\open\src\hotspot\share\classfile\systemDictionary.cpp, line 255]
Event: 7.100 Thread 0x00000241c7317080 Exception <a 'java/lang/IncompatibleClassChangeError'{0x0000000709db5030}: Found class java.lang.Object, but interface was expected> (0x0000000709db5030) 
thrown [t:\workspace\open\src\hotspot\share\interpreter\linkResolver.cpp, line 833]
Event: 7.168 Thread 0x00000241c7317080 Exception <a 'java/lang/NoSuchMethodError'{0x0000000705049228}: 'java.lang.Object java.lang.invoke.DirectMethodHandle$Holder.invokeStatic(java.lang.Object, java.lang.Object, int, java.lang.Object)'> (0x0000000705049228) 
thrown [t:\workspace\open\src\hotspot\share\interpreter\linkResolver.cpp, line 766]
Event: 7.169 Thread 0x00000241c7317080 Exception <a 'java/lang/NoSuchMethodError'{0x0000000705050bf0}: 'java.lang.Object java.lang.invoke.DirectMethodHandle$Holder.newInvokeSpecial(java.lang.Object, java.lang.Object, int)'> (0x0000000705050bf0) 
thrown [t:\workspace\open\src\hotspot\share\interpreter\linkResolver.cpp, line 766]
Event: 7.173 Thread 0x00000241c7317080 Exception <a 'java/lang/IncompatibleClassChangeError'{0x000000070507bf38}: Found class java.lang.Object, but interface was expected> (0x000000070507bf38) 
thrown [t:\workspace\open\src\hotspot\share\interpreter\linkResolver.cpp, line 833]
Event: 7.256 Thread 0x00000241c7317080 Exception <a 'java/lang/NoSuchMethodError'{0x0000000704c9c7c8}: 'long java.lang.invoke.DirectMethodHandle$Holder.invokeVirtual(java.lang.Object, java.lang.Object)'> (0x0000000704c9c7c8) 
thrown [t:\workspace\open\src\hotspot\share\interpreter\linkResolver.cpp, line 766]
Event: 7.260 Thread 0x00000241c7317080 Exception <a 'java/io/FileNotFoundException'{0x0000000704cc5af0}> (0x0000000704cc5af0) 
thrown [t:\workspace\open\src\hotspot\share\prims\jni.cpp, line 516]
Event: 7.372 Thread 0x00000241c7317080 Exception <a 'java/lang/ClassNotFoundException'{0x000000070403f7b0}: java/lang/ObjectCustomizer> (0x000000070403f7b0) 
thrown [t:\workspace\open\src\hotspot\share\classfile\systemDictionary.cpp, line 255]
Event: 7.373 Thread 0x00000241c7317080 Exception <a 'java/lang/ClassNotFoundException'{0x0000000704046058}: com/escola/cadastro/escolar/model/DiaCustomizer> (0x0000000704046058) 
thrown [t:\workspace\open\src\hotspot\share\classfile\systemDictionary.cpp, line 255]
Event: 7.404 Thread 0x00000241c7317080 Exception <a 'java/lang/ClassNotFoundException'{0x0000000703c5b178}: java/lang/ObjectCustomizer> (0x0000000703c5b178) 
thrown [t:\workspace\open\src\hotspot\share\classfile\systemDictionary.cpp, line 255]
Event: 7.404 Thread 0x00000241c7317080 Exception <a 'java/lang/ClassNotFoundException'{0x0000000703c61a70}: com/escola/cadastro/escolar/model/HorasCustomizer> (0x0000000703c61a70) 
thrown [t:\workspace\open\src\hotspot\share\classfile\systemDictionary.cpp, line 255]
Event: 7.422 Thread 0x00000241c7317080 Implicit null exception at 0x00000241d80f5b85 to 0x00000241d80f5e70
Event: 7.432 Thread 0x00000241c7317080 Exception <a 'java/lang/ClassNotFoundException'{0x0000000710a5cb98}: java/lang/ObjectCustomizer> (0x0000000710a5cb98) 
thrown [t:\workspace\open\src\hotspot\share\classfile\systemDictionary.cpp, line 255]
Event: 7.433 Thread 0x00000241c7317080 Exception <a 'java/lang/ClassNotFoundException'{0x0000000710a641b0}: org/springframework/security/config/annotation/authentication/configuration/AuthenticationConfigurationCustomizer> (0x0000000710a641b0) 
thrown [t:\workspace\open\src\hotspot\share\classfile\systemDictionary.cpp, line 255]
Event: 7.465 Thread 0x00000241c7317080 Implicit null exception at 0x00000241d80ad43d to 0x00000241d80ad4fa
Event: 7.477 Thread 0x00000241c7317080 Exception <a 'java/lang/ClassNotFoundException'{0x0000000710be9890}: java/lang/ObjectCustomizer> (0x0000000710be9890) 
thrown [t:\workspace\open\src\hotspot\share\classfile\systemDictionary.cpp, line 255]
Event: 7.477 Thread 0x00000241c7317080 Exception <a 'java/lang/ClassNotFoundException'{0x0000000710bf01a8}: com/escola/cadastro/escolar/model/MateriaCustomizer> (0x0000000710bf01a8) 
thrown [t:\workspace\open\src\hotspot\share\classfile\systemDictionary.cpp, line 255]
Event: 7.516 Thread 0x00000241c7317080 Exception <a 'java/lang/ClassNotFoundException'{0x0000000705519a10}: java/lang/ObjectCustomizer> (0x0000000705519a10) 
thrown [t:\workspace\open\src\hotspot\share\classfile\systemDictionary.cpp, line 255]
Event: 7.516 Thread 0x00000241c7317080 Exception <a 'java/lang/ClassNotFoundException'{0x0000000705520308}: com/escola/cadastro/escolar/model/NotasCustomizer> (0x0000000705520308) 
thrown [t:\workspace\open\src\hotspot\share\classfile\systemDictionary.cpp, line 255]

VM Operations (20 events):
Event: 6.900 Executing VM operation: HandshakeAllThreads
Event: 6.900 Executing VM operation: HandshakeAllThreads done
Event: 7.025 Executing VM operation: G1CollectForAllocation
Event: 7.036 Executing VM operation: G1CollectForAllocation done
Event: 7.126 Executing VM operation: HandshakeAllThreads
Event: 7.127 Executing VM operation: HandshakeAllThreads done
Event: 7.127 Executing VM operation: HandshakeAllThreads
Event: 7.127 Executing VM operation: HandshakeAllThreads done
Event: 7.229 Executing VM operation: HandshakeAllThreads
Event: 7.229 Executing VM operation: HandshakeAllThreads done
Event: 7.229 Executing VM operation: HandshakeAllThreads
Event: 7.229 Executing VM operation: HandshakeAllThreads done
Event: 7.263 Executing VM operation: HandshakeAllThreads
Event: 7.263 Executing VM operation: HandshakeAllThreads done
Event: 7.265 Executing VM operation: ICBufferFull
Event: 7.265 Executing VM operation: ICBufferFull done
Event: 7.289 Executing VM operation: HandshakeAllThreads
Event: 7.289 Executing VM operation: HandshakeAllThreads done
Event: 7.418 Executing VM operation: G1CollectForAllocation
Event: 7.422 Executing VM operation: G1CollectForAllocation done

Events (20 events):
Event: 5.663 Thread 0x00000241f1fc09d0 Thread added: 0x00000241f1fc09d0
Event: 5.863 Thread 0x00000241f1fc09d0 Thread exited: 0x00000241f1fc09d0
Event: 6.626 Thread 0x00000241f1087b50 Thread exited: 0x00000241f1087b50
Event: 6.626 Thread 0x00000241f44ab800 Thread exited: 0x00000241f44ab800
Event: 6.776 Thread 0x00000241f2081df0 Thread exited: 0x00000241f2081df0
Event: 6.776 Thread 0x00000241f319a820 Thread exited: 0x00000241f319a820
Event: 6.895 Thread 0x00000241ecbab120 flushing nmethod 0x00000241d0bf0510
Event: 6.897 Thread 0x00000241ecbab120 flushing nmethod 0x00000241d1074b90
Event: 6.897 Thread 0x00000241ecbab120 flushing nmethod 0x00000241d1075090
Event: 6.901 Thread 0x00000241ecbab120 flushing nmethod 0x00000241d1580910
Event: 6.923 Thread 0x00000241f3dd9bf0 Thread added: 0x00000241f3dd9bf0
Event: 6.923 Thread 0x00000241f24858d0 Thread added: 0x00000241f24858d0
Event: 7.265 Thread 0x00000241f3b75760 Thread added: 0x00000241f3b75760
Event: 7.266 Thread 0x00000241f3b78c50 Thread added: 0x00000241f3b78c50
Event: 7.269 Thread 0x00000241f3b75c30 Thread added: 0x00000241f3b75c30
Event: 7.316 Thread 0x00000241f44bb6e0 Thread added: 0x00000241f44bb6e0
Event: 7.316 Thread 0x00000241f1573100 Thread added: 0x00000241f1573100
Event: 7.320 Thread 0x00000241f7714480 Thread added: 0x00000241f7714480
Event: 7.331 Thread 0x00000241f4651820 Thread added: 0x00000241f4651820
Event: 7.331 Thread 0x00000241f77c0f30 Thread added: 0x00000241f77c0f30


Dynamic libraries:
0x00007ff757010000 - 0x00007ff757020000 	C:\Program Files\Java\jdk-18\bin\java.exe
0x00007ffe70790000 - 0x00007ffe70988000 	C:\WINDOWS\SYSTEM32\ntdll.dll
0x00007ffe6fed0000 - 0x00007ffe6ff8f000 	C:\WINDOWS\System32\KERNEL32.DLL
0x00007ffe6e150000 - 0x00007ffe6e422000 	C:\WINDOWS\System32\KERNELBASE.dll
0x00007ffe6df80000 - 0x00007ffe6e080000 	C:\WINDOWS\System32\ucrtbase.dll
0x00007ffe4cac0000 - 0x00007ffe4cada000 	C:\Program Files\Java\jdk-18\bin\VCRUNTIME140.dll
0x00007ffe4ac50000 - 0x00007ffe4ac68000 	C:\Program Files\Java\jdk-18\bin\jli.dll
0x00007ffe6ecc0000 - 0x00007ffe6ed6e000 	C:\WINDOWS\System32\ADVAPI32.dll
0x00007ffe6ea40000 - 0x00007ffe6eade000 	C:\WINDOWS\System32\msvcrt.dll
0x00007ffe6ec20000 - 0x00007ffe6ecbc000 	C:\WINDOWS\System32\sechost.dll
0x00007ffe700d0000 - 0x00007ffe701f5000 	C:\WINDOWS\System32\RPCRT4.dll
0x00007ffe6e890000 - 0x00007ffe6ea31000 	C:\WINDOWS\System32\USER32.dll
0x00007ffe6e080000 - 0x00007ffe6e0a2000 	C:\WINDOWS\System32\win32u.dll
0x00007ffe62d90000 - 0x00007ffe6302a000 	C:\WINDOWS\WinSxS\amd64_microsoft.windows.common-controls_6595b64144ccf1df_6.0.19041.1110_none_60b5254171f9507e\COMCTL32.dll
0x00007ffe6e7d0000 - 0x00007ffe6e7fb000 	C:\WINDOWS\System32\GDI32.dll
0x00007ffe6e4e0000 - 0x00007ffe6e5ef000 	C:\WINDOWS\System32\gdi32full.dll
0x00007ffe6e0b0000 - 0x00007ffe6e14d000 	C:\WINDOWS\System32\msvcp_win.dll
0x00007ffe67ab0000 - 0x00007ffe67aba000 	C:\WINDOWS\SYSTEM32\VERSION.dll
0x00007ffe6f130000 - 0x00007ffe6f162000 	C:\WINDOWS\System32\IMM32.DLL
0x00007ffe62330000 - 0x00007ffe6233c000 	C:\Program Files\Java\jdk-18\bin\vcruntime140_1.dll
0x00007ffe1b7c0000 - 0x00007ffe1b84d000 	C:\Program Files\Java\jdk-18\bin\msvcp140.dll
0x00007ffe12410000 - 0x00007ffe13021000 	C:\Program Files\Java\jdk-18\bin\server\jvm.dll
0x00007ffe6fb70000 - 0x00007ffe6fb78000 	C:\WINDOWS\System32\PSAPI.DLL
0x00007ffe659f0000 - 0x00007ffe659f9000 	C:\WINDOWS\SYSTEM32\WSOCK32.dll
0x00007ffe6ff90000 - 0x00007ffe6fffb000 	C:\WINDOWS\System32\WS2_32.dll
0x00007ffe66c40000 - 0x00007ffe66c67000 	C:\WINDOWS\SYSTEM32\WINMM.dll
0x00007ffe6bd60000 - 0x00007ffe6bd72000 	C:\WINDOWS\SYSTEM32\kernel.appcore.dll
0x00007ffe60e10000 - 0x00007ffe60e1a000 	C:\Program Files\Java\jdk-18\bin\jimage.dll
0x00007ffe5d8d0000 - 0x00007ffe5dab4000 	C:\WINDOWS\SYSTEM32\DBGHELP.DLL
0x00007ffe576b0000 - 0x00007ffe576e5000 	C:\WINDOWS\SYSTEM32\dbgcore.DLL
0x00007ffe6de80000 - 0x00007ffe6df02000 	C:\WINDOWS\System32\bcryptPrimitives.dll
0x00007ffe65900000 - 0x00007ffe6590e000 	C:\Program Files\Java\jdk-18\bin\instrument.dll
0x00007ffe4a4e0000 - 0x00007ffe4a505000 	C:\Program Files\Java\jdk-18\bin\java.dll
0x00007ffe154c0000 - 0x00007ffe15596000 	C:\Program Files\Java\jdk-18\bin\jsvml.dll
0x00007ffe6f420000 - 0x00007ffe6fb65000 	C:\WINDOWS\System32\SHELL32.dll
0x00007ffe6bf60000 - 0x00007ffe6c6f2000 	C:\WINDOWS\SYSTEM32\windows.storage.dll
0x00007ffe6edd0000 - 0x00007ffe6f125000 	C:\WINDOWS\System32\combase.dll
0x00007ffe6d8e0000 - 0x00007ffe6d910000 	C:\WINDOWS\SYSTEM32\Wldp.dll
0x00007ffe6f2f0000 - 0x00007ffe6f39d000 	C:\WINDOWS\System32\SHCORE.dll
0x00007ffe6f3c0000 - 0x00007ffe6f415000 	C:\WINDOWS\System32\shlwapi.dll
0x00007ffe6ddc0000 - 0x00007ffe6dddf000 	C:\WINDOWS\SYSTEM32\profapi.dll
0x00007ffe49340000 - 0x00007ffe49358000 	C:\Program Files\Java\jdk-18\bin\zip.dll
0x00007ffe4a290000 - 0x00007ffe4a2a3000 	C:\Program Files\Java\jdk-18\bin\net.dll
0x00007ffe67810000 - 0x00007ffe6791c000 	C:\WINDOWS\SYSTEM32\WINHTTP.dll
0x00007ffe6d640000 - 0x00007ffe6d6aa000 	C:\WINDOWS\system32\mswsock.dll
0x00007ffe493e0000 - 0x00007ffe493f6000 	C:\Program Files\Java\jdk-18\bin\nio.dll
0x00007ffe65850000 - 0x00007ffe6586a000 	C:\Users\Felipe\JAVA\IntelliJ IDEA Community Edition 2021.1.1\bin\breakgen64.dll
0x00007ffe5ffa0000 - 0x00007ffe5ffb0000 	C:\Program Files\Java\jdk-18\bin\verify.dll
0x00007ffe65880000 - 0x00007ffe65889000 	C:\Program Files\Java\jdk-18\bin\management.dll
0x00007ffe65870000 - 0x00007ffe6587b000 	C:\Program Files\Java\jdk-18\bin\management_ext.dll
0x00007ffe53320000 - 0x00007ffe53337000 	C:\WINDOWS\system32\napinsp.dll
0x00007ffe53300000 - 0x00007ffe5331b000 	C:\WINDOWS\system32\pnrpnsp.dll
0x00007ffe532e0000 - 0x00007ffe532f5000 	C:\WINDOWS\system32\wshbth.dll
0x00007ffe69800000 - 0x00007ffe6981d000 	C:\WINDOWS\system32\NLAapi.dll
0x00007ffe6d2e0000 - 0x00007ffe6d31b000 	C:\WINDOWS\SYSTEM32\IPHLPAPI.DLL
0x00007ffe6d330000 - 0x00007ffe6d3fb000 	C:\WINDOWS\SYSTEM32\DNSAPI.dll
0x00007ffe6ec10000 - 0x00007ffe6ec18000 	C:\WINDOWS\System32\NSI.dll
0x00007ffe532c0000 - 0x00007ffe532d2000 	C:\WINDOWS\System32\winrnr.dll
0x00007ffe64430000 - 0x00007ffe6443a000 	C:\Windows\System32\rasadhlp.dll
0x00007ffe5de30000 - 0x00007ffe5deb0000 	C:\WINDOWS\System32\fwpuclnt.dll
0x00007ffe6e750000 - 0x00007ffe6e777000 	C:\WINDOWS\System32\bcrypt.dll
0x00007ffe6d830000 - 0x00007ffe6d848000 	C:\WINDOWS\SYSTEM32\CRYPTSP.dll
0x00007ffe6cef0000 - 0x00007ffe6cf24000 	C:\WINDOWS\system32\rsaenh.dll
0x00007ffe6dd80000 - 0x00007ffe6ddae000 	C:\WINDOWS\SYSTEM32\USERENV.dll
0x00007ffe6d850000 - 0x00007ffe6d85c000 	C:\WINDOWS\SYSTEM32\CRYPTBASE.dll
0x00007ffe67dd0000 - 0x00007ffe67de7000 	C:\WINDOWS\SYSTEM32\dhcpcsvc6.DLL
0x00007ffe67d40000 - 0x00007ffe67d5d000 	C:\WINDOWS\SYSTEM32\dhcpcsvc.DLL
0x00007ffe65840000 - 0x00007ffe6584e000 	C:\Program Files\Java\jdk-18\bin\sunmscapi.dll
0x00007ffe6e5f0000 - 0x00007ffe6e746000 	C:\WINDOWS\System32\CRYPT32.dll
0x00007ffe6d950000 - 0x00007ffe6d977000 	C:\WINDOWS\SYSTEM32\ncrypt.dll
0x00007ffe6d910000 - 0x00007ffe6d94b000 	C:\WINDOWS\SYSTEM32\NTASN1.dll

dbghelp: loaded successfully - version: 4.0.5 - missing functions: none
symbol engine: initialized successfully - sym options: 0x614 - pdb path: .;C:\Program Files\Java\jdk-18\bin;C:\WINDOWS\SYSTEM32;C:\WINDOWS\WinSxS\amd64_microsoft.windows.common-controls_6595b64144ccf1df_6.0.19041.1110_none_60b5254171f9507e;C:\Program Files\Java\jdk-18\bin\server;C:\Users\Felipe\JAVA\IntelliJ IDEA Community Edition 2021.1.1\bin

VM Arguments:
jvm_args: -javaagent:C:\Users\Felipe\JAVA\IntelliJ IDEA Community Edition 2021.1.1\lib\idea_rt.jar=56212:C:\Users\Felipe\JAVA\IntelliJ IDEA Community Edition 2021.1.1\bin -Dfile.encoding=UTF-8 -Dsun.stdout.encoding=UTF-8 -Dsun.stderr.encoding=UTF-8 
java_command: com.escola.cadastro.escolar.CadastroEscolarApplication
java_class_path (initial): D:\cadastro-escolar\target\classes;C:\Users\Felipe\.m2\repository\org\springframework\boot\spring-boot-starter-data-jpa\2.7.5\spring-boot-starter-data-jpa-2.7.5.jar;C:\Users\Felipe\.m2\repository\org\springframework\boot\spring-boot-starter-aop\2.7.5\spring-boot-starter-aop-2.7.5.jar;C:\Users\Felipe\.m2\repository\org\aspectj\aspectjweaver\1.9.7\aspectjweaver-1.9.7.jar;C:\Users\Felipe\.m2\repository\org\springframework\boot\spring-boot-starter-jdbc\2.7.5\spring-boot-starter-jdbc-2.7.5.jar;C:\Users\Felipe\.m2\repository\com\zaxxer\HikariCP\4.0.3\HikariCP-4.0.3.jar;C:\Users\Felipe\.m2\repository\org\springframework\spring-jdbc\5.3.23\spring-jdbc-5.3.23.jar;C:\Users\Felipe\.m2\repository\jakarta\transaction\jakarta.transaction-api\1.3.3\jakarta.transaction-api-1.3.3.jar;C:\Users\Felipe\.m2\repository\jakarta\persistence\jakarta.persistence-api\2.2.3\jakarta.persistence-api-2.2.3.jar;C:\Users\Felipe\.m2\repository\org\hibernate\hibernate-core\5.6.12.Final\hibernate-core-5.6.12.Final.jar;C:\Users\Felipe\.m2\repository\org\jboss\logging\jboss-logging\3.4.3.Final\jboss-logging-3.4.3.Final.jar;C:\Users\Felipe\.m2\repository\net\bytebuddy\byte-buddy\1.12.18\byte-buddy-1.12.18.jar;C:\Users\Felipe\.m2\repository\antlr\antlr\2.7.7\antlr-2.7.7.jar;C:\Users\Felipe\.m2\repository\org\jboss\jandex\2.4.2.Final\jandex-2.4.2.Final.jar;C:\Users\Felipe\.m2\repository\org\hibernate\common\hibernate-commons-annotations\5.1.2.Final\hibernate-commons-annotations-5.1.2.Final.jar;C:\Users\Felipe\.m2\repository\org\glassfish\jaxb\jaxb-runtime\2.3.7\jaxb-runtime-2.3.7.jar;C:\Users\Felipe\.m2\repository\org\glassfish\jaxb\txw2\2.3.7\txw2-2.3.7.jar;C:\Users\Felipe\.m2\repository\com\sun\istack\istack-commons-runtime\3.0.12\istack-commons-runtime-3.0.12.jar;C:\Users\Felipe\.m2\repository\com\sun\activation\jakarta.activation\1.2.2\jakarta.activation-1.2.2.jar;C:\Users\Felipe\.m2\repository\org\springframework\data\spring-data-jpa\2.7.5\spring-data-jpa-2.7.5.jar;C:\Users\Felipe\.m2\repository\org\springframework\data\spring-data-commons\2.7.5\spring-data-commons-2.7.5.jar;C:\Users\Felipe\.m2\repository\org\springframework\spring-orm\5.3.23\spring-orm-5.3.23.jar;C:\Users\Felipe\.m2\repository\org\springframework\spring-context\5.3.23\spring-context-5.3.23.jar;C:\Users\Felipe\.m2\repository\org\springframework\spring-tx\5.3.23\spring-tx-5.3.23.jar;C:\Users\Felipe\.m2\repository\org\springframework\spring-beans\5.3.23\spring-beans-5.3.23.jar;C:\Users\Felipe\.m2\repository\org\springframework\spring-aspects\5.3.23\spring-aspects-5.3.23.jar;C:\Users\Felipe\.m2\repository\org\springframework\boot\spring-boot-starter-validation\2.7.5\spring-boot-starter-validation-2.7.5.jar;C:\Users\Felipe\.m2\repository\org\springframework\boot\spring-boot-starter\2.7.5\spring-boot-starter-2.7.5.jar;C:\Users\Felipe\.m2\repository\org\springframework\boot\spring-boot\2.7.5\spring-boot-2.7.5.jar;C:\Users\Felipe\.m2\repository\org\springframework\boot\spring-boot-autoconfigure\2.7.5\spring-boot-autoconfigure-2.7.5.jar;C:\Users\Felipe\.m2\repository\org\springframework\boot\spring-boot-starter-logging\2.7.5\spring-boot-starter-logging-2.7.5.jar;C:\Users\Felipe\.m2\repository\ch\qos\logback\logback-classic\1.2.11\logback-classic-1.2.11.jar;C:\Users\Felipe\.m2\repository\ch\qos\logback\logback-core\1.2.11\logback-core-1.2.11.jar;C:\Users\Felipe\.m2\repository\org\apache\logging\log4j\log4j-to-slf4j\2.17.2\log4j-to-slf4j-2.17.2.jar;C:\Users\Felipe\.m2\repository\org\apache\logging\log4j\log4j-api\2.17.2\log4j-api-2.17.2.jar;C:\Users\Felipe\.m2\repository\org\slf4j\jul-to-slf4j\1.7.36\jul-to-slf4j-1.7.36.jar;C:\Users\Felipe\.m2\repository\jakarta\annotation\jakarta.annotation-api\1.3.5\jakarta.annotation-api-1.3.5.jar;C:\Users\Felipe\.m2\repository\org\yaml\snakeyaml\1.30\snakeyaml-1.30.jar;C:\Users\Felipe\.m2\repository\org\apache\tomcat\embed\tomcat-embed-el\9.0.68\tomcat-embed-el-9.0.68.jar;C:\Users\Felipe\.m2\repository\org\hibernate\validator\hibernate-validator\6.2.5.Final\hibernate-validator-6.2.5.Final.jar;C:\Users\Felipe\.m2\repository\jakarta\validation\jakarta.validation-api\2.0.2\jakarta.validation-api-2.0.2.jar;C:\Users\Felipe\.m2\repository\org\springframework\boot\spring-boot-starter-web\2.7.5\spring-boot-starter-web-2.7.5.jar;C:\Users\Felipe\.m2\repository\org\springframework\boot\spring-boot-starter-json\2.7.5\spring-boot-starter-json-2.7.5.jar;C:\Users\Felipe\.m2\repository\com\fasterxml\jackson\datatype\jackson-datatype-jdk8\2.13.4\jackson-datatype-jdk8-2.13.4.jar;C:\Users\Felipe\.m2\repository\com\fasterxml\jackson\datatype\jackson-datatype-jsr310\2.13.4\jackson-datatype-jsr310-2.13.4.jar;C:\Users\Felipe\.m2\repository\com\fasterxml\jackson\module\jackson-module-parameter-names\2.13.4\jackson-module-parameter-names-2.13.4.jar;C:\Users\Felipe\.m2\repository\org\springframework\boot\spring-boot-starter-tomcat\2.7.5\spring-boot-starter-tomcat-2.7.5.jar;C:\Users\Felipe\.m2\repository\org\apache\tomcat\embed\tomcat-embed-core\9.0.68\tomcat-embed-core-9.0.68.jar;C:\Users\Felipe\.m2\repository\org\apache\tomcat\embed\tomcat-embed-websocket\9.0.68\tomcat-embed-websocket-9.0.68.jar;C:\Users\Felipe\.m2\repository\org\springframework\spring-web\5.3.23\spring-web-5.3.23.jar;C:\Users\Felipe\.m2\repository\org\springframework\spring-webmvc\5.3.23\spring-webmvc-5.3.23.jar;C:\Users\Felipe\.m2\repository\org\springframework\spring-expression\5.3.23\spring-expression-5.3.23.jar;C:\Users\Felipe\.m2\repository\com\mysql\mysql-connector-j\8.0.31\mysql-connector-j-8.0.31.jar;C:\Users\Felipe\.m2\repository\org\projectlombok\lombok\1.18.24\lombok-1.18.24.jar;C:\Users\Felipe\.m2\repository\jakarta\xml\bind\jakarta.xml.bind-api\2.3.3\jakarta.xml.bind-api-2.3.3.jar;C:\Users\Felipe\.m2\repository\jakarta\activation\jakarta.activation-api\1.2.2\jakarta.activation-api-1.2.2.jar;C:\Users\Felipe\.m2\repository\org\springframework\spring-core\5.3.23\spring-core-5.3.23.jar;C:\Users\Felipe\.m2\repository\org\springframework\spring-jcl\5.3.23\spring-jcl-5.3.23.jar;C:\Users\Felipe\.m2\repository\io\springfox\springfox-boot-starter\3.0.0\springfox-boot-starter-3.0.0.jar;C:\Users\Felipe\.m2\repository\io\springfox\springfox-oas\3.0.0\springfox-oas-3.0.0.jar;C:\Users\Felipe\.m2\repository\io\swagger\core\v3\swagger-annotations\2.1.2\swagger-annotations-2.1.2.jar;C:\Users\Felipe\.m2\repository\io\swagger\core\v3\swagger-models\2.1.2\swagger-models-2.1.2.jar;C:\Users\Felipe\.m2\repository\io\springfox\springfox-spi\3.0.0\springfox-spi-3.0.0.jar;C:\Users\Felipe\.m2\repository\io\springfox\springfox-schema\3.0.0\springfox-schema-3.0.0.jar;C:\Users\Felipe\.m2\repository\io\springfox\springfox-core\3.0.0\springfox-core-3.0.0.jar;C:\Users\Felipe\.m2\repository\io\springfox\springfox-spring-web\3.0.0\springfox-spring-web-3.0.0.jar;C:\Users\Felipe\.m2\repository\io\github\classgraph\classgraph\4.8.83\classgraph-4.8.83.jar;C:\Users\Felipe\.m2\repository\io\springfox\springfox-spring-webflux\3.0.0\springfox-spring-webflux-3.0.0.jar;C:\Users\Felipe\.m2\repository\io\springfox\springfox-swagger-common\3.0.0\springfox-swagger-common-3.0.0.jar;C:\Users\Felipe\.m2\repository\org\mapstruct\mapstruct\1.3.1.Final\mapstruct-1.3.1.Final.jar;C:\Users\Felipe\.m2\repository\io\springfox\springfox-data-rest\3.0.0\springfox-data-rest-3.0.0.jar;C:\Users\Felipe\.m2\repository\io\springfox\springfox-bean-validators\3.0.0\springfox-bean-validators-3.0.0.jar;C:\Users\Felipe\.m2\repository\io\springfox\springfox-swagger2\3.0.0\springfox-swagger2-3.0.0.jar;C:\Users\Felipe\.m2\repository\io\swagger\swagger-annotations\1.5.20\swagger-annotations-1.5.20.jar;C:\Users\Felipe\.m2\repository\io\swagger\swagger-models\1.5.20\swagger-models-1.5.20.jar;C:\Users\Felipe\.m2\repository\com\fasterxml\classmate\1.5.1\classmate-1.5.1.jar;C:\Users\Felipe\.m2\repository\org\slf4j\slf4j-api\1.7.36\slf4j-api-1.7.36.jar;C:\Users\Felipe\.m2\repository\org\springframework\plugin\spring-plugin-core\2.0.0.RELEASE\spring-plugin-core-2.0.0.RELEASE.jar;C:\Users\Felipe\.m2\repository\org\springframework\plugin\spring-plugin-metadata\2.0.0.RELEASE\spring-plugin-metadata-2.0.0.RELEASE.jar;C:\Users\Felipe\.m2\repository\io\springfox\springfox-swagger-ui\3.0.0\springfox-swagger-ui-3.0.0.jar;C:\Users\Felipe\.m2\repository\io\springfox\springfox-spring-webmvc\3.0.0\springfox-spring-webmvc-3.0.0.jar;C:\Users\Felipe\.m2\repository\io\github\cdimascio\dotenv-java\2.3.2\dotenv-java-2.3.2.jar;C:\Users\Felipe\.m2\repository\com\sendgrid\sendgrid-java\4.9.3\sendgrid-java-4.9.3.jar;C:\Users\Felipe\.m2\repository\com\sendgrid\java-http-client\4.5.0\java-http-client-4.5.0.jar;C:\Users\Felipe\.m2\repository\org\apache\httpcomponents\httpcore\4.4.15\httpcore-4.4.15.jar;C:\Users\Felipe\.m2\repository\org\apache\httpcomponents\httpclient\4.5.13\httpclient-4.5.13.jar;C:\Users\Felipe\.m2\repository\commons-codec\commons-codec\1.15\commons-codec-1.15.jar;C:\Users\Felipe\.m2\repository\com\fasterxml\jackson\core\jackson-core\2.13.4\jackson-core-2.13.4.jar;C:\Users\Felipe\.m2\repository\com\fasterxml\jackson\core\jackson-annotations\2.13.4\jackson-annotations-2.13.4.jar;C:\Users\Felipe\.m2\repository\com\fasterxml\jackson\core\jackson-databind\2.13.4.2\jackson-databind-2.13.4.2.jar;C:\Users\Felipe\.m2\repository\org\bouncycastle\bcprov-jdk15on\1.70\bcprov-jdk15on-1.70.jar;C:\Users\Felipe\.m2\repository\org\springframework\boot\spring-boot-starter-security\2.7.5\spring-boot-starter-security-2.7.5.jar;C:\Users\Felipe\.m2\repository\org\springframework\spring-aop\5.3.23\spring-aop-5.3.23.jar;C:\Users\Felipe\.m2\repository\org\springframework\security\spring-security-config\5.7.4\spring-security-config-5.7.4.jar;C:\Users\Felipe\.m2\repository\org\springframework\security\spring-security-core\5.7.4\spring-security-core-5.7.4.jar;C:\Users\Felipe\.m2\repository\org\springframework\security\spring-security-crypto\5.7.4\spring-security-crypto-5.7.4.jar;C:\Users\Felipe\.m2\repository\org\springframework\security\spring-security-web\5.7.4\spring-security-web-5.7.4.jar;C:\Users\Felipe\.m2\repository\com\auth0\java-jwt\4.2.2\java-jwt-4.2.2.jar;C:\Users\Felipe\.m2\repository\io\jsonwebtoken\jjwt-api\0.11.5\jjwt-api-0.11.5.jar;C:\Users\Felipe\.m2\repository\io\jsonwebtoken\jjwt-impl\0.11.5\jjwt-impl-0.11.5.jar;C:\Users\Felipe\.m2\repository\io\jsonwebtoken\jjwt-jackson\0.11.5\jjwt-jackson-0.11.5.jar
Launcher Type: SUN_STANDARD

[Global flags]
     intx CICompilerCount                          = 12                                        {product} {ergonomic}
     uint ConcGCThreads                            = 3                                         {product} {ergonomic}
     uint G1ConcRefinementThreads                  = 13                                        {product} {ergonomic}
   size_t G1HeapRegionSize                         = 2097152                                   {product} {ergonomic}
    uintx GCDrainStackTargetSize                   = 64                                        {product} {ergonomic}
   size_t InitialHeapSize                          = 268435456                                 {product} {ergonomic}
   size_t MarkStackSize                            = 4194304                                   {product} {ergonomic}
   size_t MaxHeapSize                              = 4282384384                                {product} {ergonomic}
   size_t MaxNewSize                               = 2569011200                                {product} {ergonomic}
   size_t MinHeapDeltaBytes                        = 2097152                                   {product} {ergonomic}
   size_t MinHeapSize                              = 8388608                                   {product} {ergonomic}
    uintx NonNMethodCodeHeapSize                   = 7602480                                {pd product} {ergonomic}
    uintx NonProfiledCodeHeapSize                  = 122027880                              {pd product} {ergonomic}
    uintx ProfiledCodeHeapSize                     = 122027880                              {pd product} {ergonomic}
    uintx ReservedCodeCacheSize                    = 251658240                              {pd product} {ergonomic}
     bool SegmentedCodeCache                       = true                                      {product} {ergonomic}
   size_t SoftMaxHeapSize                          = 4282384384                             {manageable} {ergonomic}
     bool UseCompressedClassPointers               = true                           {product lp64_product} {ergonomic}
     bool UseCompressedOops                        = true                           {product lp64_product} {ergonomic}
     bool UseG1GC                                  = true                                      {product} {ergonomic}
     bool UseLargePagesIndividualAllocation        = false                                  {pd product} {ergonomic}

Logging:
Log output configuration:
 #0: stdout all=warning uptime,level,tags foldmultilines=false
 #1: stderr all=off uptime,level,tags foldmultilines=false

Environment Variables:
JAVA_HOME=C:\Program Files\Java\jdk-18
PATH=C:\Program Files\Common Files\Oracle\Java\javapath;"C:\WINDOWS\system32;C:\Program Files\Java\jdk-18\bin";"C:\WINDOWS;C:\Program Files\Java\jdk-18\bin";C:\WINDOWS\System32\Wbem;C:\WINDOWS\System32\WindowsPowerShell\v1.0;C:\WINDOWS\System32\OpenSSH\;C:\Program Files\NVIDIA Corporation\NVIDIA NvDLISR;C:\Program Files (x86)\NVIDIA Corporation\PhysX\Common;"C:\WINDOWS\system32;";C:\WINDOWS;C:\WINDOWS\System32\Wbem;C:\WINDOWS\System32\WindowsPowerShell\v1.0\;C:\WINDOWS\System32\OpenSSH\;C:\Program Files\Java\jdk-16.0.1\bin;C:\Program Files\MongoDB\Server\5.0\bin;C:\Program Files\MongoDB\Tools\100\bin;C:\Program Files\Git\cmd;C:\ProgramData\chocolatey\bin;C:\Program Files\nodejs\;C:\Program Files\MySQL\MySQL Shell 8.0\bin\;C:\Users\Felipe\AppData\Local\Microsoft\WindowsApps;D:\gradle-7.0.1\bin;D:\apache-maven-3.8.1\bin;D:\Nova pasta\Microsoft VS Code\bin;C:\Users\Felipe\AppData\Roaming\npm
USERNAME=Felipe
OS=Windows_NT
PROCESSOR_IDENTIFIER=AMD64 Family 23 Model 1 Stepping 1, AuthenticAMD



---------------  S Y S T E M  ---------------

OS:
 Windows 10 , 64 bit Build 19041 (10.0.19041.2546)
OS uptime: 6 days 2:59 hours

CPU: total 16 (initial active 16) (16 cores per cpu, 2 threads per core) family 23 model 1 stepping 1 microcode 0x0, cx8, cmov, fxsr, ht, mmx, 3dnowpref, sse, sse2, sse3, ssse3, sse4a, sse4.1, sse4.2, popcnt, lzcnt, tsc, tscinvbit, avx, avx2, aes, clmul, bmi1, bmi2, adx, sha, fma, vzeroupper, clflush, clflushopt

Memory: 4k page, system-wide physical 16335M (3067M free)
TotalPageFile size 22515M (AvailPageFile size 2913M)
current process WorkingSet (physical memory assigned to process): 278M, peak: 302M
current process commit charge ("private bytes"): 331M, peak: 421M

vm_info: Java HotSpot(TM) 64-Bit Server VM (18+36-2087) for windows-amd64 JRE (18+36-2087), built on Feb 15 2022 09:43:11 by "mach5one" with MS VC++ 16.8 / 16.9 (VS2019)

END.
